16:14:41.950 [main                     ] DEBUG Logger               - Configured Logger
16:14:41.957 [main                     ] DEBUG GameApplication      - Logging settings
Title: Touchdown Mania
Version: 0.1
Width: 1280
Height: 720
Fullscreen: false
Intro: false
Profiling: false
Single step:false
App Mode: DEVELOPER
Menu Key: ESCAPE
Stage Style: DECORATED
Scene Factory: class com.almasb.fxgl.app.scene.SceneFactory

16:14:42.372 [JavaFX Application Thread] DEBUG FXGLApplication      - Initializing FXGL
16:14:42.377 [JavaFX Application Thread] INFO  Engine               - FXGL-dev-SNAPSHOT (08.03.2021 18.05) on MAC (J:14.0.2 FX:15)
16:14:42.378 [JavaFX Application Thread] DEBUG Engine               - JRE Vendor Name: AdoptOpenJDK
16:14:42.378 [JavaFX Application Thread] DEBUG Engine               - Running on OS: Mac OS X version 10.16
16:14:42.378 [JavaFX Application Thread] DEBUG Engine               - Architecture: x86_64
16:14:42.378 [JavaFX Application Thread] INFO  Engine               - Source code and latest versions at: https://github.com/AlmasB/FXGL
16:14:42.378 [JavaFX Application Thread] INFO  Engine               -              Join the FXGL chat at: https://gitter.im/AlmasB/FXGL
16:14:42.494 [JavaFX Application Thread] DEBUG PrimaryStageWindow   - Creating a JavaFX scene
16:14:42.546 [JavaFX Application Thread] DEBUG PrimaryStageWindow   - Target settings size: 1280.0 x 720.0
16:14:42.546 [JavaFX Application Thread] DEBUG PrimaryStageWindow   - Scaled scene size:    1280.0 x 720.0
16:14:42.547 [JavaFX Application Thread] DEBUG PrimaryStageWindow   - Scaled ratio: (1.0, 1.0)
16:14:42.548 [JavaFX Application Thread] DEBUG PrimaryStageWindow   - Set initial scene to FXGLStartupScene
16:14:42.552 [JavaFX Application Thread] DEBUG PrimaryStageWindow   - Opening main window
16:14:42.665 [JavaFX Application Thread] DEBUG PrimaryStageWindow   - Window border size: (0.0, 28.0)
16:14:42.665 [JavaFX Application Thread] DEBUG PrimaryStageWindow   - Scaled size: 1280.0 x 720.0
16:14:42.665 [JavaFX Application Thread] DEBUG PrimaryStageWindow   - Scaled ratio: (1.0, 1.0)
16:14:42.665 [JavaFX Application Thread] DEBUG PrimaryStageWindow   - Scene size: 1280.0 x 720.0
16:14:42.666 [JavaFX Application Thread] DEBUG PrimaryStageWindow   - Stage size: 1280.0 x 748.0
16:14:42.677 [FXGL Background Thread 1 ] DEBUG Engine               - Initializing environment variables
16:14:42.753 [FXGL Background Thread 1 ] DEBUG FXGLAssetLoaderServi - User app class for loading assets: class Game
16:14:42.753 [FXGL Background Thread 1 ] DEBUG GameApplicationServi - Applying CSS: fxgl_dark.css
16:14:42.755 [FXGL Background Thread 1 ] DEBUG FXGLAssetLoaderServi - Loading from file system: jar:file:/Users/gupta/.m2/repository/com/github/almasb/fxgl/dev-SNAPSHOT/fxgl-dev-20210308.180623-1701.jar!/fxglassets/ui/css/fxgl_dark.css
16:14:42.857 [FXGL Background Thread 1 ] DEBUG GameApplicationServi - Initializing application scenes
16:14:43.317 [FXGL Background Thread 1 ] DEBUG GameWorld            - Game world initialized
16:14:43.399 [FXGL Background Thread 1 ] DEBUG PhysicsWorld         - Physics world initialized: appHeight=720, physics.ppm=50.0
16:14:43.400 [FXGL Background Thread 1 ] DEBUG PhysicsWorld         - Using strategy: BRUTE_FORCE
16:14:43.414 [FXGL Background Thread 1 ] DEBUG GameScene            - Game scene initialized: 1280x720
16:14:43.494 [FXGL Background Thread 1 ] DEBUG FXGLAssetLoaderServi - Loading from file system: jar:file:/Users/gupta/.m2/repository/com/github/almasb/fxgl/dev-SNAPSHOT/fxgl-dev-20210308.180623-1701.jar!/fxglassets/textures/particles/trace_horizontal.png
16:14:43.561 [FXGL Background Thread 1 ] DEBUG FXGL.DefaultMenu     - createMenuBodyMainMenu()
16:14:43.580 [FXGL Background Thread 1 ] DEBUG FXGL.DefaultMenu     - createOptionsMenu()
16:14:43.590 [FXGL Background Thread 1 ] DEBUG FXGLAssetLoaderServi - Loading from file system: jar:file:/Users/gupta/.m2/repository/com/github/almasb/fxgl/dev-SNAPSHOT/fxgl-dev-20210308.180623-1701.jar!/fxglassets/textures/particles/smoke.png
16:14:43.717 [FXGL Background Thread 1 ] DEBUG FXGL.DefaultMenu     - createMenuBodyGameMenu()
16:14:43.720 [FXGL Background Thread 1 ] DEBUG FXGL.DefaultMenu     - createOptionsMenu()
16:14:43.774 [FXGL Background Thread 1 ] DEBUG GameApplicationServi - Application scenes initialized
16:14:43.796 [FXGL Background Thread 1 ] DEBUG SystemBundleService  - Loading FXGL system data
16:14:43.806 [FXGL Background Thread 1 ] DEBUG FileSystemAccess     - Reading from: /Users/gupta/Desktop/Java Projects/Madden Game/system/fxgl.bundle
16:14:43.813 [FXGL Background Thread 1 ] DEBUG SystemBundleService  - Bundle FXGL: {}
16:14:43.813 [FXGL Background Thread 1 ] DEBUG UpdaterService       - Checking for updates
16:14:43.819 [FXGL Background Thread 4 ] DEBUG FXGLApplication      - Loading fonts
16:14:43.820 [FXGL Background Thread 1 ] DEBUG FXGLApplication      - Loading default localization
16:14:43.822 [FXGL Background Thread 4 ] DEBUG FXGLAssetLoaderServi - Loading from file system: jar:file:/Users/gupta/.m2/repository/com/github/almasb/fxgl/dev-SNAPSHOT/fxgl-dev-20210308.180623-1701.jar!/fxglassets/ui/fonts/VarelaRound-Regular.ttf
16:14:43.822 [FXGL Background Thread 1 ] DEBUG FXGLAssetLoaderServi - Loading from file system: jar:file:/Users/gupta/.m2/repository/com/github/almasb/fxgl/dev-SNAPSHOT/fxgl-dev-20210308.180623-1701.jar!/fxglassets/languages/english.lang
16:14:43.856 [FXGL Background Thread 4 ] DEBUG FXGLAssetLoaderServi - Loading from file system: jar:file:/Users/gupta/.m2/repository/com/github/almasb/fxgl/dev-SNAPSHOT/fxgl-dev-20210308.180623-1701.jar!/fxglassets/ui/fonts/Abel-Regular.ttf
16:14:43.862 [FXGL Background Thread 1 ] INFO  FXGLApplication      - FXGL initialization took: 1.182 sec
16:14:43.869 [FXGL Background Thread 4 ] DEBUG FXGLAssetLoaderServi - Loading from file system: jar:file:/Users/gupta/.m2/repository/com/github/almasb/fxgl/dev-SNAPSHOT/fxgl-dev-20210308.180623-1701.jar!/fxglassets/ui/fonts/lucida_console.ttf
16:14:43.873 [JavaFX Application Thread] DEBUG Input                - Registered new binding: action0 - Left
16:14:43.872 [FXGL Background Thread 4 ] DEBUG FXGLAssetLoaderServi - Loading from file system: jar:file:/Users/gupta/.m2/repository/com/github/almasb/fxgl/dev-SNAPSHOT/fxgl-dev-20210308.180623-1701.jar!/fxglassets/ui/fonts/Courier-Prime.ttf
16:14:43.878 [JavaFX Application Thread] DEBUG Input                - Registered new binding: action1 - Right
16:14:43.881 [JavaFX Application Thread] DEBUG Input                - Registered new binding: action2 - Up
16:14:43.881 [JavaFX Application Thread] DEBUG Input                - Registered new binding: action3 - Down
16:14:43.887 [JavaFX Application Thread] DEBUG FXGLAssetLoaderServi - Loading from file system: jar:file:/Users/gupta/.m2/repository/com/github/almasb/fxgl/dev-SNAPSHOT/fxgl-dev-20210308.180623-1701.jar!/fxglassets/textures/fxgl_icon.png
16:14:43.929 [JavaFX Application Thread] DEBUG FXGLAssetLoaderServi - Loading from file system: jar:file:/Users/gupta/.m2/repository/com/github/almasb/fxgl/dev-SNAPSHOT/fxgl-dev-20210308.180623-1701.jar!/fxglassets/ui/cursors/fxgl_default.png
16:14:43.935 [JavaFX Application Thread] DEBUG Input                - Registered new binding: Screenshot - P
16:14:43.935 [JavaFX Application Thread] DEBUG Input                - Registered new binding: System info dump - CTRL+9
16:14:43.936 [JavaFX Application Thread] DEBUG Input                - Registered new binding: Restart - CTRL+R
16:14:43.936 [JavaFX Application Thread] DEBUG Input                - Registered new binding: Toggle Debug Camera - CTRL+C
16:14:43.938 [JavaFX Application Thread] DEBUG LoopRunner           - Starting loop
16:14:43.938 [JavaFX Application Thread] DEBUG LoopRunner           - Initializing JavaFX AnimationTimerLoop
16:14:43.946 [JavaFX Application Thread] DEBUG Input                - Clearing active input actions
16:14:44.004 [JavaFX Application Thread] DEBUG GameApplicationServi - Removing overlay from FXGLStartupScene and adding to FXGLMainMenuDummyScene
16:14:44.005 [JavaFX Application Thread] DEBUG PrimaryStageWindow   - FXGLStartupScene -> FXGLMainMenuDummyScene
16:14:44.005 [JavaFX Application Thread] DEBUG PrimaryStageWindow   - Push state: FXGLDefaultMenu
16:14:44.014 [JavaFX Application Thread] DEBUG Input                - Clearing active input actions
16:14:44.034 [JavaFX Application Thread] DEBUG GameApplicationServi - Removing overlay from FXGLMainMenuDummyScene and adding to FXGLDefaultMenu
16:14:44.036 [JavaFX Application Thread] DEBUG PrimaryStageWindow   - FXGLMainMenuDummyScene -> FXGLDefaultMenu
16:14:44.059 [JavaFX Application Thread] DEBUG FXGLApplication      - Registering font factories with UI factory
16:14:44.857 [FXGL Background Thread 2 ] INFO  UpdaterService       - Your current version:  dev-SNAPSHOT
16:14:44.863 [FXGL Background Thread 2 ] INFO  UpdaterService       - Latest stable version: 11.14
16:14:46.836 [FXGL Background Thread 3 ] DEBUG Engine               - Logging environment variables
16:14:46.864 [FXGL Background Thread 3 ] DEBUG Engine               - achievements: []
16:14:46.866 [FXGL Background Thread 3 ] DEBUG Engine               - actualHeight: 720.0
16:14:46.867 [FXGL Background Thread 3 ] DEBUG Engine               - actualHeightProperty: ReadOnlyDoubleProperty [value: 720.0]
16:14:46.867 [FXGL Background Thread 3 ] DEBUG Engine               - actualWidth: 1280.0
16:14:46.867 [FXGL Background Thread 3 ] DEBUG Engine               - actualWidthProperty: ReadOnlyDoubleProperty [value: 1280.0]
16:14:46.868 [FXGL Background Thread 3 ] DEBUG Engine               - appIcon: fxgl_icon.png
16:14:46.868 [FXGL Background Thread 3 ] DEBUG Engine               - applicationMode: DEVELOPER
16:14:46.868 [FXGL Background Thread 3 ] DEBUG Engine               - cSSList: [fxgl_dark.css]
16:14:46.868 [FXGL Background Thread 3 ] DEBUG Engine               - collisionDetectionStrategy: BRUTE_FORCE
16:14:46.868 [FXGL Background Thread 3 ] DEBUG Engine               - configClass: Optional.empty
16:14:46.868 [FXGL Background Thread 3 ] DEBUG Engine               - credits: []
16:14:46.876 [FXGL Background Thread 3 ] DEBUG Engine               - devBBoxColorProperty: ObjectProperty [value: 0xff0000ff]
16:14:46.877 [FXGL Background Thread 3 ] DEBUG Engine               - devEnableDebugCameraProperty: BooleanProperty [value: false]
16:14:46.877 [FXGL Background Thread 3 ] DEBUG Engine               - devSensorColorProperty: ObjectProperty [value: 0xffff00ff]
16:14:46.877 [FXGL Background Thread 3 ] DEBUG Engine               - devShowBBoxProperty: BooleanProperty [value: false]
16:14:46.877 [FXGL Background Thread 3 ] DEBUG Engine               - devShowPositionProperty: BooleanProperty [value: false]
16:14:46.877 [FXGL Background Thread 3 ] DEBUG Engine               - enabledMenuItems: []
16:14:46.878 [FXGL Background Thread 3 ] DEBUG Engine               - engineServices: [class com.almasb.fxgl.app.services.FXGLAssetLoaderService, class com.almasb.fxgl.app.FXGLApplication$GameApplicationService, class com.almasb.fxgl.app.services.FXGLDialogService, class com.almasb.fxgl.app.services.IOTaskExecutorService, class com.almasb.fxgl.event.EventBusService, class com.almasb.fxgl.io.FileSystemService, class com.almasb.fxgl.localization.LocalizationService, class com.almasb.fxgl.app.services.SystemBundleService, class com.almasb.fxgl.profile.SaveLoadService, class com.almasb.fxgl.ui.FXGLUIFactoryServiceProvider, class com.almasb.fxgl.ui.FXGLDialogFactoryServiceProvider, class com.almasb.fxgl.audio.AudioPlayer, class com.almasb.fxgl.notification.impl.NotificationServiceProvider, class com.almasb.fxgl.achievement.AchievementService, class com.almasb.fxgl.cutscene.CutsceneService, class com.almasb.fxgl.minigames.MiniGameService, class com.almasb.fxgl.net.NetService, class com.almasb.fxgl.app.services.UpdaterService, class com.almasb.fxgl.dev.DevService]
16:14:46.879 [FXGL Background Thread 3 ] DEBUG Engine               - fontGame: Abel-Regular.ttf
16:14:46.882 [FXGL Background Thread 3 ] DEBUG Engine               - fontMono: lucida_console.ttf
16:14:46.887 [FXGL Background Thread 3 ] DEBUG Engine               - fontText: Courier-Prime.ttf
16:14:46.887 [FXGL Background Thread 3 ] DEBUG Engine               - fontUI: VarelaRound-Regular.ttf
16:14:46.887 [FXGL Background Thread 3 ] DEBUG Engine               - fullScreen: BooleanProperty [value: false]
16:14:46.887 [FXGL Background Thread 3 ] DEBUG Engine               - gameDifficulty: MEDIUM
16:14:46.888 [FXGL Background Thread 3 ] DEBUG Engine               - gameDifficultyProperty: ObjectProperty [value: MEDIUM]
16:14:46.889 [FXGL Background Thread 3 ] DEBUG Engine               - globalMusicVolume: 0.5
16:14:46.901 [FXGL Background Thread 3 ] DEBUG Engine               - globalMusicVolumeProperty: DoubleProperty [value: 0.5]
16:14:46.905 [FXGL Background Thread 3 ] DEBUG Engine               - globalSoundVolume: 0.5
16:14:46.905 [FXGL Background Thread 3 ] DEBUG Engine               - globalSoundVolumeProperty: DoubleProperty [value: 0.5]
16:14:46.907 [FXGL Background Thread 3 ] DEBUG Engine               - height: 720
16:14:46.908 [FXGL Background Thread 3 ] DEBUG Engine               - isAndroid: false
16:14:46.909 [FXGL Background Thread 3 ] DEBUG Engine               - isBrowser: false
16:14:46.909 [FXGL Background Thread 3 ] DEBUG Engine               - isClickFeedbackEnabled: false
16:14:46.909 [FXGL Background Thread 3 ] DEBUG Engine               - isCloseConfirmation: false
16:14:46.909 [FXGL Background Thread 3 ] DEBUG Engine               - isDesktop: true
16:14:46.919 [FXGL Background Thread 3 ] DEBUG Engine               - isDeveloperMenuEnabled: false
16:14:46.919 [FXGL Background Thread 3 ] DEBUG Engine               - isEntityPreloadEnabled: true
16:14:46.919 [FXGL Background Thread 3 ] DEBUG Engine               - isExperimental3D: false
16:14:46.919 [FXGL Background Thread 3 ] DEBUG Engine               - isExperimentalNative: false
16:14:46.919 [FXGL Background Thread 3 ] DEBUG Engine               - isExperimentalTiledLargeMap: false
16:14:46.920 [FXGL Background Thread 3 ] DEBUG Engine               - isFileSystemWriteAllowed: true
16:14:46.920 [FXGL Background Thread 3 ] DEBUG Engine               - isFullScreenAllowed: false
16:14:46.920 [FXGL Background Thread 3 ] DEBUG Engine               - isFullScreenFromStart: false
16:14:46.920 [FXGL Background Thread 3 ] DEBUG Engine               - isGameMenuEnabled: true
16:14:46.920 [FXGL Background Thread 3 ] DEBUG Engine               - isIOS: false
16:14:46.920 [FXGL Background Thread 3 ] DEBUG Engine               - isIntroEnabled: false
16:14:46.920 [FXGL Background Thread 3 ] DEBUG Engine               - isLinux: false
16:14:46.920 [FXGL Background Thread 3 ] DEBUG Engine               - isMac: true
16:14:46.920 [FXGL Background Thread 3 ] DEBUG Engine               - isMainMenuEnabled: true
16:14:46.920 [FXGL Background Thread 3 ] DEBUG Engine               - isManualResizeEnabled: false
16:14:46.920 [FXGL Background Thread 3 ] DEBUG Engine               - isMobile: false
16:14:46.920 [FXGL Background Thread 3 ] DEBUG Engine               - isPreserveResizeRatio: false
16:14:46.922 [FXGL Background Thread 3 ] DEBUG Engine               - isProfilingEnabled: false
16:14:46.923 [FXGL Background Thread 3 ] DEBUG Engine               - isScaleAffectedOnResize: true
16:14:46.923 [FXGL Background Thread 3 ] DEBUG Engine               - isSingleStep: false
16:14:46.923 [FXGL Background Thread 3 ] DEBUG Engine               - isUserProfileEnabled: false
16:14:46.923 [FXGL Background Thread 3 ] DEBUG Engine               - isWindows: false
16:14:46.924 [FXGL Background Thread 3 ] DEBUG Engine               - language: ObjectProperty [value: ENGLISH]
16:14:46.925 [FXGL Background Thread 3 ] DEBUG Engine               - menuKey: ESCAPE
16:14:46.925 [FXGL Background Thread 3 ] DEBUG Engine               - notificationViewClass: class com.almasb.fxgl.notification.view.XboxNotificationView
16:14:46.928 [FXGL Background Thread 3 ] DEBUG Engine               - pixelsPerMeter: 50.0
16:14:46.929 [FXGL Background Thread 3 ] DEBUG Engine               - platform: MAC
16:14:46.929 [FXGL Background Thread 3 ] DEBUG Engine               - prefHeightProperty: ReadOnlyDoubleProperty [value: 720.0]
16:14:46.930 [FXGL Background Thread 3 ] DEBUG Engine               - prefWidthProperty: ReadOnlyDoubleProperty [value: 1280.0]
16:14:46.930 [FXGL Background Thread 3 ] DEBUG Engine               - profileDir: profiles/
16:14:46.930 [FXGL Background Thread 3 ] DEBUG Engine               - profileName: StringProperty [value: DEFAULT]
16:14:46.930 [FXGL Background Thread 3 ] DEBUG Engine               - randomSeed: -1
16:14:46.930 [FXGL Background Thread 3 ] DEBUG Engine               - runtimeInfo: RuntimeInfo(platform=MAC, version=dev-SNAPSHOT, build=08.03.2021 18.05)
16:14:46.930 [FXGL Background Thread 3 ] DEBUG Engine               - saveFileExt: sav
16:14:46.930 [FXGL Background Thread 3 ] DEBUG Engine               - scaledHeightProp$fxgl: DoubleProperty [bound, value: 720.0]
16:14:46.930 [FXGL Background Thread 3 ] DEBUG Engine               - scaledWidthProp$fxgl: DoubleProperty [bound, value: 1280.0]
16:14:46.930 [FXGL Background Thread 3 ] DEBUG Engine               - sceneFactory: com.almasb.fxgl.app.scene.SceneFactory@3055695b
16:14:46.930 [FXGL Background Thread 3 ] DEBUG Engine               - secondsIn24h: 60
16:14:46.930 [FXGL Background Thread 3 ] DEBUG Engine               - soundMenuBack: menu/back.wav
16:14:46.930 [FXGL Background Thread 3 ] DEBUG Engine               - soundMenuPress: menu/press.wav
16:14:46.930 [FXGL Background Thread 3 ] DEBUG Engine               - soundMenuSelect: menu/select.wav
16:14:46.930 [FXGL Background Thread 3 ] DEBUG Engine               - soundNotification: core/notification.wav
16:14:46.930 [FXGL Background Thread 3 ] DEBUG Engine               - stageStyle: DECORATED
16:14:46.930 [FXGL Background Thread 3 ] DEBUG Engine               - supportedLanguages: [ENGLISH, FRENCH, GERMAN, HUNGARIAN, RUSSIAN]
16:14:46.931 [FXGL Background Thread 3 ] DEBUG Engine               - ticksPerSecond: -1
16:14:46.931 [FXGL Background Thread 3 ] DEBUG Engine               - title: Touchdown Mania
16:14:46.931 [FXGL Background Thread 3 ] DEBUG Engine               - urlGithub: https://github.com/AlmasB/FXGL
16:14:46.931 [FXGL Background Thread 3 ] DEBUG Engine               - urlLeaderboard: http://fxgl-top.herokuapp.com/
16:14:46.931 [FXGL Background Thread 3 ] DEBUG Engine               - urlPOM: https://raw.githubusercontent.com/AlmasB/FXGL/release/README.md
16:14:46.931 [FXGL Background Thread 3 ] DEBUG Engine               - userAppClass: class Game
16:14:46.931 [FXGL Background Thread 3 ] DEBUG Engine               - version: 0.1
16:14:46.931 [FXGL Background Thread 3 ] DEBUG Engine               - versionCheckDays: 7
16:14:46.931 [FXGL Background Thread 3 ] DEBUG Engine               - width: 1280
16:14:46.931 [FXGL Background Thread 3 ] DEBUG Engine               - Logging services
16:14:46.931 [FXGL Background Thread 3 ] DEBUG Engine               - class com.almasb.fxgl.app.services.FXGLAssetLoaderService
16:14:46.931 [FXGL Background Thread 3 ] DEBUG Engine               - class com.almasb.fxgl.app.FXGLApplication$GameApplicationService
16:14:46.931 [FXGL Background Thread 3 ] DEBUG Engine               - class com.almasb.fxgl.app.services.FXGLDialogService
16:14:46.931 [FXGL Background Thread 3 ] DEBUG Engine               - class com.almasb.fxgl.app.services.IOTaskExecutorService
16:14:46.931 [FXGL Background Thread 3 ] DEBUG Engine               - class com.almasb.fxgl.event.EventBusService
16:14:46.931 [FXGL Background Thread 3 ] DEBUG Engine               - class com.almasb.fxgl.io.FileSystemService
16:14:46.931 [FXGL Background Thread 3 ] DEBUG Engine               - class com.almasb.fxgl.localization.LocalizationService
16:14:46.931 [FXGL Background Thread 3 ] DEBUG Engine               - class com.almasb.fxgl.app.services.SystemBundleService
16:14:46.931 [FXGL Background Thread 3 ] DEBUG Engine               - class com.almasb.fxgl.profile.SaveLoadService
16:14:46.931 [FXGL Background Thread 3 ] DEBUG Engine               - class com.almasb.fxgl.ui.FXGLUIFactoryServiceProvider
16:14:46.931 [FXGL Background Thread 3 ] DEBUG Engine               - class com.almasb.fxgl.ui.FXGLDialogFactoryServiceProvider
16:14:46.931 [FXGL Background Thread 3 ] DEBUG Engine               - class com.almasb.fxgl.audio.AudioPlayer
16:14:46.931 [FXGL Background Thread 3 ] DEBUG Engine               - class com.almasb.fxgl.notification.impl.NotificationServiceProvider
16:14:46.931 [FXGL Background Thread 3 ] DEBUG Engine               - class com.almasb.fxgl.achievement.AchievementService
16:14:46.931 [FXGL Background Thread 3 ] DEBUG Engine               - class com.almasb.fxgl.cutscene.CutsceneService
16:14:46.931 [FXGL Background Thread 3 ] DEBUG Engine               - class com.almasb.fxgl.minigames.MiniGameService
16:14:46.932 [FXGL Background Thread 3 ] DEBUG Engine               - class com.almasb.fxgl.net.NetService
16:14:46.932 [FXGL Background Thread 3 ] DEBUG Engine               - class com.almasb.fxgl.app.services.UpdaterService
16:14:46.932 [FXGL Background Thread 3 ] DEBUG Engine               - class com.almasb.fxgl.dev.DevService
16:15:35.183 [JavaFX Application Thread] DEBUG Menu                 - fireNewGame()
16:15:35.189 [JavaFX Application Thread] DEBUG GameApplicationServi - Starting new game
16:15:35.193 [JavaFX Application Thread] DEBUG PrimaryStageWindow   - Pop state: FXGLDefaultMenu
16:15:35.193 [JavaFX Application Thread] DEBUG Input                - Clearing active input actions
16:15:35.204 [JavaFX Application Thread] DEBUG GameApplicationServi - Removing overlay from FXGLDefaultMenu and adding to FXGLMainMenuDummyScene
16:15:35.208 [JavaFX Application Thread] DEBUG PrimaryStageWindow   - FXGLMainMenuDummyScene <- FXGLDefaultMenu
16:15:35.210 [JavaFX Application Thread] DEBUG Input                - Clearing active input actions
16:15:35.256 [JavaFX Application Thread] DEBUG GameApplicationServi - Removing overlay from FXGLMainMenuDummyScene and adding to FXGLLoadingScene
16:15:35.258 [JavaFX Application Thread] DEBUG PrimaryStageWindow   - FXGLMainMenuDummyScene -> FXGLLoadingScene
16:15:35.258 [JavaFX Application Thread] DEBUG GameApplicationServi - Clearing previous game
16:15:35.258 [JavaFX Application Thread] DEBUG GameScene            - Clearing game scene
16:15:35.258 [JavaFX Application Thread] DEBUG GameWorld            - Clearing game world
16:15:35.258 [JavaFX Application Thread] DEBUG PhysicsWorld         - Clearing physics world
16:15:35.264 [FXGL Background Thread 2 ] DEBUG FXGLApplication      - Initializing game
16:15:35.291 [FXGL Background Thread 2 ] DEBUG FXGLAssetLoaderServi - Loading from file system: file:/Users/gupta/Desktop/Java%20Projects/Madden%20Game/target/classes/assets/textures/fieldBackground.jpg
16:15:35.363 [FXGL Background Thread 2 ] DEBUG FXGLAssetLoaderServi - Loading from file system: file:/Users/gupta/Desktop/Java%20Projects/Madden%20Game/target/classes/assets/textures/footballSpritesLeft.png
16:15:35.379 [FXGL Background Thread 2 ] DEBUG FXGLAssetLoaderServi - Loading from file system: file:/Users/gupta/Desktop/Java%20Projects/Madden%20Game/target/classes/assets/textures/footballSpritesUP.png
16:15:35.384 [FXGL Background Thread 2 ] DEBUG FXGLAssetLoaderServi - Loading from file system: file:/Users/gupta/Desktop/Java%20Projects/Madden%20Game/target/classes/assets/textures/footballSpritesDown.png
16:15:35.400 [FXGL Background Thread 2 ] DEBUG FXGLAssetLoaderServi - Loading from file system: file:/Users/gupta/Desktop/Java%20Projects/Madden%20Game/target/classes/assets/textures/footballSpritesRight%202.png
16:15:35.403 [FXGL Background Thread 2 ] DEBUG FXGLAssetLoaderServi - Loading from file system: file:/Users/gupta/Desktop/Java%20Projects/Madden%20Game/target/classes/assets/textures/footballSpritesUP%202.png
16:15:35.405 [FXGL Background Thread 2 ] DEBUG FXGLAssetLoaderServi - Loading from file system: file:/Users/gupta/Desktop/Java%20Projects/Madden%20Game/target/classes/assets/textures/footballSpritesDown%202.png
16:15:35.437 [FXGL Background Thread 2 ] DEBUG FXGLAssetLoaderServi - Loading from file system: file:/Users/gupta/Desktop/Java%20Projects/Madden%20Game/target/classes/assets/textures/football.png
16:15:35.498 [FXGL Background Thread 2 ] INFO  FXGLApplication      - Game initialization took: 0.233 sec
16:15:35.499 [JavaFX Application Thread] DEBUG Input                - Clearing active input actions
16:15:35.523 [JavaFX Application Thread] DEBUG GameApplicationServi - Removing overlay from FXGLLoadingScene and adding to GameScene
16:15:35.526 [JavaFX Application Thread] DEBUG PrimaryStageWindow   - FXGLLoadingScene -> GameScene
16:16:23.535 [JavaFX Application Thread] DEBUG FXGLApplication      - Exiting FXGL
16:16:23.537 [JavaFX Application Thread] DEBUG LoopRunner           - Stopping loop
16:16:23.538 [JavaFX Application Thread] DEBUG SystemBundleService  - Saving FXGL system data
16:16:23.550 [JavaFX Application Thread] DEBUG FileSystemAccess     - Writing to: /Users/gupta/Desktop/Java Projects/Madden Game/system/fxgl.bundle
16:16:23.557 [JavaFX Application Thread] DEBUG Async                - Shutting down background threads
16:16:23.558 [JavaFX Application Thread] DEBUG PrimaryStageWindow   - Closing main window
16:16:23.581 [JavaFX Application Thread] DEBUG Logger               - Closing Logger
