15:48:21.450 [main                     ] DEBUG Logger               - Configured Logger
15:48:21.458 [main                     ] DEBUG GameApplication      - Logging settings
Title: Touchdown Mania
Version: 0.1
Width: 1280
Height: 720
Fullscreen: false
Intro: false
Profiling: false
Single step:false
App Mode: DEVELOPER
Menu Key: ESCAPE
Stage Style: DECORATED
Scene Factory: class com.almasb.fxgl.app.scene.SceneFactory

15:48:21.829 [JavaFX Application Thread] DEBUG FXGLApplication      - Initializing FXGL
15:48:21.834 [JavaFX Application Thread] INFO  Engine               - FXGL-dev-SNAPSHOT (08.03.2021 18.05) on MAC (J:14.0.2 FX:15)
15:48:21.834 [JavaFX Application Thread] DEBUG Engine               - JRE Vendor Name: AdoptOpenJDK
15:48:21.835 [JavaFX Application Thread] DEBUG Engine               - Running on OS: Mac OS X version 10.16
15:48:21.835 [JavaFX Application Thread] DEBUG Engine               - Architecture: x86_64
15:48:21.835 [JavaFX Application Thread] INFO  Engine               - Source code and latest versions at: https://github.com/AlmasB/FXGL
15:48:21.835 [JavaFX Application Thread] INFO  Engine               -              Join the FXGL chat at: https://gitter.im/AlmasB/FXGL
15:48:21.948 [JavaFX Application Thread] DEBUG PrimaryStageWindow   - Creating a JavaFX scene
15:48:21.996 [JavaFX Application Thread] DEBUG PrimaryStageWindow   - Target settings size: 1280.0 x 720.0
15:48:21.996 [JavaFX Application Thread] DEBUG PrimaryStageWindow   - Scaled scene size:    1280.0 x 720.0
15:48:21.997 [JavaFX Application Thread] DEBUG PrimaryStageWindow   - Scaled ratio: (1.0, 1.0)
15:48:21.998 [JavaFX Application Thread] DEBUG PrimaryStageWindow   - Set initial scene to FXGLStartupScene
15:48:22.002 [JavaFX Application Thread] DEBUG PrimaryStageWindow   - Opening main window
15:48:22.080 [JavaFX Application Thread] DEBUG PrimaryStageWindow   - Window border size: (0.0, 28.0)
15:48:22.080 [JavaFX Application Thread] DEBUG PrimaryStageWindow   - Scaled size: 1280.0 x 720.0
15:48:22.080 [JavaFX Application Thread] DEBUG PrimaryStageWindow   - Scaled ratio: (1.0, 1.0)
15:48:22.080 [JavaFX Application Thread] DEBUG PrimaryStageWindow   - Scene size: 1280.0 x 720.0
15:48:22.081 [JavaFX Application Thread] DEBUG PrimaryStageWindow   - Stage size: 1280.0 x 748.0
15:48:22.086 [FXGL Background Thread 1 ] DEBUG Engine               - Initializing environment variables
15:48:22.208 [FXGL Background Thread 1 ] DEBUG FXGLAssetLoaderServi - User app class for loading assets: class Game
15:48:22.211 [FXGL Background Thread 1 ] DEBUG GameApplicationServi - Applying CSS: fxgl_dark.css
15:48:22.224 [FXGL Background Thread 1 ] DEBUG FXGLAssetLoaderServi - Loading from file system: jar:file:/Users/gupta/.m2/repository/com/github/almasb/fxgl/dev-SNAPSHOT/fxgl-dev-20210308.180623-1701.jar!/fxglassets/ui/css/fxgl_dark.css
15:48:22.358 [FXGL Background Thread 1 ] DEBUG GameApplicationServi - Initializing application scenes
15:48:22.705 [FXGL Background Thread 1 ] DEBUG GameWorld            - Game world initialized
15:48:22.761 [FXGL Background Thread 1 ] DEBUG PhysicsWorld         - Physics world initialized: appHeight=720, physics.ppm=50.0
15:48:22.762 [FXGL Background Thread 1 ] DEBUG PhysicsWorld         - Using strategy: BRUTE_FORCE
15:48:22.770 [FXGL Background Thread 1 ] DEBUG GameScene            - Game scene initialized: 1280x720
15:48:22.813 [FXGL Background Thread 1 ] DEBUG FXGLAssetLoaderServi - Loading from file system: jar:file:/Users/gupta/.m2/repository/com/github/almasb/fxgl/dev-SNAPSHOT/fxgl-dev-20210308.180623-1701.jar!/fxglassets/textures/particles/trace_horizontal.png
15:48:22.867 [FXGL Background Thread 1 ] DEBUG FXGL.DefaultMenu     - createMenuBodyMainMenu()
15:48:22.884 [FXGL Background Thread 1 ] DEBUG FXGL.DefaultMenu     - createOptionsMenu()
15:48:22.890 [FXGL Background Thread 1 ] DEBUG FXGLAssetLoaderServi - Loading from file system: jar:file:/Users/gupta/.m2/repository/com/github/almasb/fxgl/dev-SNAPSHOT/fxgl-dev-20210308.180623-1701.jar!/fxglassets/textures/particles/smoke.png
15:48:22.986 [FXGL Background Thread 1 ] DEBUG FXGL.DefaultMenu     - createMenuBodyGameMenu()
15:48:22.989 [FXGL Background Thread 1 ] DEBUG FXGL.DefaultMenu     - createOptionsMenu()
15:48:23.028 [FXGL Background Thread 1 ] DEBUG GameApplicationServi - Application scenes initialized
15:48:23.042 [FXGL Background Thread 1 ] DEBUG SystemBundleService  - Loading FXGL system data
15:48:23.048 [FXGL Background Thread 1 ] DEBUG FileSystemAccess     - Reading from: /Users/gupta/Desktop/Java Projects/Madden Game/system/fxgl.bundle
15:48:23.055 [FXGL Background Thread 1 ] DEBUG SystemBundleService  - Bundle FXGL: {}
15:48:23.056 [FXGL Background Thread 1 ] DEBUG UpdaterService       - Checking for updates
15:48:23.062 [FXGL Background Thread 4 ] DEBUG FXGLApplication      - Loading fonts
15:48:23.063 [FXGL Background Thread 1 ] DEBUG FXGLApplication      - Loading default localization
15:48:23.068 [FXGL Background Thread 1 ] DEBUG FXGLAssetLoaderServi - Loading from file system: jar:file:/Users/gupta/.m2/repository/com/github/almasb/fxgl/dev-SNAPSHOT/fxgl-dev-20210308.180623-1701.jar!/fxglassets/languages/english.lang
15:48:23.067 [FXGL Background Thread 4 ] DEBUG FXGLAssetLoaderServi - Loading from file system: jar:file:/Users/gupta/.m2/repository/com/github/almasb/fxgl/dev-SNAPSHOT/fxgl-dev-20210308.180623-1701.jar!/fxglassets/ui/fonts/VarelaRound-Regular.ttf
15:48:23.105 [FXGL Background Thread 4 ] DEBUG FXGLAssetLoaderServi - Loading from file system: jar:file:/Users/gupta/.m2/repository/com/github/almasb/fxgl/dev-SNAPSHOT/fxgl-dev-20210308.180623-1701.jar!/fxglassets/ui/fonts/Abel-Regular.ttf
15:48:23.104 [FXGL Background Thread 1 ] INFO  FXGLApplication      - FXGL initialization took: 1.014 sec
15:48:23.111 [FXGL Background Thread 4 ] DEBUG FXGLAssetLoaderServi - Loading from file system: jar:file:/Users/gupta/.m2/repository/com/github/almasb/fxgl/dev-SNAPSHOT/fxgl-dev-20210308.180623-1701.jar!/fxglassets/ui/fonts/lucida_console.ttf
15:48:23.115 [FXGL Background Thread 4 ] DEBUG FXGLAssetLoaderServi - Loading from file system: jar:file:/Users/gupta/.m2/repository/com/github/almasb/fxgl/dev-SNAPSHOT/fxgl-dev-20210308.180623-1701.jar!/fxglassets/ui/fonts/Courier-Prime.ttf
15:48:23.115 [JavaFX Application Thread] DEBUG Input                - Registered new binding: action0 - Left
15:48:23.115 [JavaFX Application Thread] DEBUG Input                - Registered new binding: action1 - Right
15:48:23.116 [JavaFX Application Thread] DEBUG Input                - Registered new binding: action2 - Up
15:48:23.117 [JavaFX Application Thread] DEBUG Input                - Registered new binding: action3 - Down
15:48:23.118 [JavaFX Application Thread] DEBUG FXGLAssetLoaderServi - Loading from file system: jar:file:/Users/gupta/.m2/repository/com/github/almasb/fxgl/dev-SNAPSHOT/fxgl-dev-20210308.180623-1701.jar!/fxglassets/textures/fxgl_icon.png
15:48:23.160 [JavaFX Application Thread] DEBUG FXGLAssetLoaderServi - Loading from file system: jar:file:/Users/gupta/.m2/repository/com/github/almasb/fxgl/dev-SNAPSHOT/fxgl-dev-20210308.180623-1701.jar!/fxglassets/ui/cursors/fxgl_default.png
15:48:23.165 [JavaFX Application Thread] DEBUG Input                - Registered new binding: Screenshot - P
15:48:23.165 [JavaFX Application Thread] DEBUG Input                - Registered new binding: System info dump - CTRL+9
15:48:23.166 [JavaFX Application Thread] DEBUG Input                - Registered new binding: Restart - CTRL+R
15:48:23.166 [JavaFX Application Thread] DEBUG Input                - Registered new binding: Toggle Debug Camera - CTRL+C
15:48:23.168 [JavaFX Application Thread] DEBUG LoopRunner           - Starting loop
15:48:23.168 [JavaFX Application Thread] DEBUG LoopRunner           - Initializing JavaFX AnimationTimerLoop
15:48:23.171 [JavaFX Application Thread] DEBUG Input                - Clearing active input actions
15:48:23.212 [JavaFX Application Thread] DEBUG GameApplicationServi - Removing overlay from FXGLStartupScene and adding to FXGLMainMenuDummyScene
15:48:23.214 [JavaFX Application Thread] DEBUG PrimaryStageWindow   - FXGLStartupScene -> FXGLMainMenuDummyScene
15:48:23.214 [JavaFX Application Thread] DEBUG PrimaryStageWindow   - Push state: FXGLDefaultMenu
15:48:23.218 [JavaFX Application Thread] DEBUG Input                - Clearing active input actions
15:48:23.239 [JavaFX Application Thread] DEBUG GameApplicationServi - Removing overlay from FXGLMainMenuDummyScene and adding to FXGLDefaultMenu
15:48:23.242 [JavaFX Application Thread] DEBUG PrimaryStageWindow   - FXGLMainMenuDummyScene -> FXGLDefaultMenu
15:48:23.270 [JavaFX Application Thread] DEBUG FXGLApplication      - Registering font factories with UI factory
15:48:24.332 [FXGL Background Thread 2 ] INFO  UpdaterService       - Your current version:  dev-SNAPSHOT
15:48:24.333 [FXGL Background Thread 2 ] INFO  UpdaterService       - Latest stable version: 11.14
15:48:24.524 [JavaFX Application Thread] DEBUG Menu                 - fireNewGame()
15:48:24.524 [JavaFX Application Thread] DEBUG GameApplicationServi - Starting new game
15:48:24.527 [JavaFX Application Thread] DEBUG PrimaryStageWindow   - Pop state: FXGLDefaultMenu
15:48:24.527 [JavaFX Application Thread] DEBUG Input                - Clearing active input actions
15:48:24.535 [JavaFX Application Thread] DEBUG GameApplicationServi - Removing overlay from FXGLDefaultMenu and adding to FXGLMainMenuDummyScene
15:48:24.537 [JavaFX Application Thread] DEBUG PrimaryStageWindow   - FXGLMainMenuDummyScene <- FXGLDefaultMenu
15:48:24.538 [JavaFX Application Thread] DEBUG Input                - Clearing active input actions
15:48:24.576 [JavaFX Application Thread] DEBUG GameApplicationServi - Removing overlay from FXGLMainMenuDummyScene and adding to FXGLLoadingScene
15:48:24.579 [JavaFX Application Thread] DEBUG PrimaryStageWindow   - FXGLMainMenuDummyScene -> FXGLLoadingScene
15:48:24.580 [JavaFX Application Thread] DEBUG GameApplicationServi - Clearing previous game
15:48:24.580 [JavaFX Application Thread] DEBUG GameScene            - Clearing game scene
15:48:24.580 [JavaFX Application Thread] DEBUG GameWorld            - Clearing game world
15:48:24.580 [JavaFX Application Thread] DEBUG PhysicsWorld         - Clearing physics world
15:48:24.581 [FXGL Background Thread 2 ] DEBUG FXGLApplication      - Initializing game
15:48:24.599 [FXGL Background Thread 2 ] DEBUG FXGLAssetLoaderServi - Loading from file system: file:/Users/gupta/Desktop/Java%20Projects/Madden%20Game/target/classes/assets/textures/fieldBackground.jpg
15:48:24.674 [FXGL Background Thread 2 ] DEBUG FXGLAssetLoaderServi - Loading from file system: file:/Users/gupta/Desktop/Java%20Projects/Madden%20Game/target/classes/assets/textures/footballSpritesLeft.png
15:48:24.680 [FXGL Background Thread 2 ] DEBUG FXGLAssetLoaderServi - Loading from file system: file:/Users/gupta/Desktop/Java%20Projects/Madden%20Game/target/classes/assets/textures/footballSpritesUP.png
15:48:24.684 [FXGL Background Thread 2 ] DEBUG FXGLAssetLoaderServi - Loading from file system: file:/Users/gupta/Desktop/Java%20Projects/Madden%20Game/target/classes/assets/textures/footballSpritesDown.png
15:48:24.693 [FXGL Background Thread 2 ] DEBUG FXGLAssetLoaderServi - Loading from file system: file:/Users/gupta/Desktop/Java%20Projects/Madden%20Game/target/classes/assets/textures/footballSpritesRight%202.png
15:48:24.697 [FXGL Background Thread 2 ] DEBUG FXGLAssetLoaderServi - Loading from file system: file:/Users/gupta/Desktop/Java%20Projects/Madden%20Game/target/classes/assets/textures/footballSpritesUP%202.png
15:48:24.699 [FXGL Background Thread 2 ] DEBUG FXGLAssetLoaderServi - Loading from file system: file:/Users/gupta/Desktop/Java%20Projects/Madden%20Game/target/classes/assets/textures/footballSpritesDown%202.png
15:48:24.722 [FXGL Background Thread 2 ] DEBUG FXGLAssetLoaderServi - Loading from file system: file:/Users/gupta/Desktop/Java%20Projects/Madden%20Game/target/classes/assets/textures/football.png
15:48:24.762 [FXGL Background Thread 2 ] INFO  FXGLApplication      - Game initialization took: 0.180 sec
15:48:24.766 [JavaFX Application Thread] DEBUG Input                - Clearing active input actions
15:48:24.805 [JavaFX Application Thread] DEBUG GameApplicationServi - Removing overlay from FXGLLoadingScene and adding to GameScene
15:48:24.806 [JavaFX Application Thread] DEBUG PrimaryStageWindow   - FXGLLoadingScene -> GameScene
15:48:26.062 [FXGL Background Thread 3 ] DEBUG Engine               - Logging environment variables
15:48:26.064 [FXGL Background Thread 3 ] DEBUG Engine               - achievements: []
15:48:26.065 [FXGL Background Thread 3 ] DEBUG Engine               - actualHeight: 720.0
15:48:26.065 [FXGL Background Thread 3 ] DEBUG Engine               - actualHeightProperty: ReadOnlyDoubleProperty [value: 720.0]
15:48:26.066 [FXGL Background Thread 3 ] DEBUG Engine               - actualWidth: 1280.0
15:48:26.066 [FXGL Background Thread 3 ] DEBUG Engine               - actualWidthProperty: ReadOnlyDoubleProperty [value: 1280.0]
15:48:26.066 [FXGL Background Thread 3 ] DEBUG Engine               - appIcon: fxgl_icon.png
15:48:26.066 [FXGL Background Thread 3 ] DEBUG Engine               - applicationMode: DEVELOPER
15:48:26.066 [FXGL Background Thread 3 ] DEBUG Engine               - cSSList: [fxgl_dark.css]
15:48:26.066 [FXGL Background Thread 3 ] DEBUG Engine               - collisionDetectionStrategy: BRUTE_FORCE
15:48:26.066 [FXGL Background Thread 3 ] DEBUG Engine               - configClass: Optional.empty
15:48:26.066 [FXGL Background Thread 3 ] DEBUG Engine               - credits: []
15:48:26.066 [FXGL Background Thread 3 ] DEBUG Engine               - devBBoxColorProperty: ObjectProperty [value: 0xff0000ff]
15:48:26.067 [FXGL Background Thread 3 ] DEBUG Engine               - devEnableDebugCameraProperty: BooleanProperty [value: false]
15:48:26.067 [FXGL Background Thread 3 ] DEBUG Engine               - devSensorColorProperty: ObjectProperty [value: 0xffff00ff]
15:48:26.067 [FXGL Background Thread 3 ] DEBUG Engine               - devShowBBoxProperty: BooleanProperty [value: false]
15:48:26.067 [FXGL Background Thread 3 ] DEBUG Engine               - devShowPositionProperty: BooleanProperty [value: false]
15:48:26.067 [FXGL Background Thread 3 ] DEBUG Engine               - enabledMenuItems: []
15:48:26.067 [FXGL Background Thread 3 ] DEBUG Engine               - engineServices: [class com.almasb.fxgl.app.services.FXGLAssetLoaderService, class com.almasb.fxgl.app.FXGLApplication$GameApplicationService, class com.almasb.fxgl.app.services.FXGLDialogService, class com.almasb.fxgl.app.services.IOTaskExecutorService, class com.almasb.fxgl.event.EventBusService, class com.almasb.fxgl.io.FileSystemService, class com.almasb.fxgl.localization.LocalizationService, class com.almasb.fxgl.app.services.SystemBundleService, class com.almasb.fxgl.profile.SaveLoadService, class com.almasb.fxgl.ui.FXGLUIFactoryServiceProvider, class com.almasb.fxgl.ui.FXGLDialogFactoryServiceProvider, class com.almasb.fxgl.audio.AudioPlayer, class com.almasb.fxgl.notification.impl.NotificationServiceProvider, class com.almasb.fxgl.achievement.AchievementService, class com.almasb.fxgl.cutscene.CutsceneService, class com.almasb.fxgl.minigames.MiniGameService, class com.almasb.fxgl.net.NetService, class com.almasb.fxgl.app.services.UpdaterService, class com.almasb.fxgl.dev.DevService]
15:48:26.072 [FXGL Background Thread 3 ] DEBUG Engine               - fontGame: Abel-Regular.ttf
15:48:26.072 [FXGL Background Thread 3 ] DEBUG Engine               - fontMono: lucida_console.ttf
15:48:26.072 [FXGL Background Thread 3 ] DEBUG Engine               - fontText: Courier-Prime.ttf
15:48:26.072 [FXGL Background Thread 3 ] DEBUG Engine               - fontUI: VarelaRound-Regular.ttf
15:48:26.072 [FXGL Background Thread 3 ] DEBUG Engine               - fullScreen: BooleanProperty [value: false]
15:48:26.072 [FXGL Background Thread 3 ] DEBUG Engine               - gameDifficulty: MEDIUM
15:48:26.073 [FXGL Background Thread 3 ] DEBUG Engine               - gameDifficultyProperty: ObjectProperty [value: MEDIUM]
15:48:26.075 [FXGL Background Thread 3 ] DEBUG Engine               - globalMusicVolume: 0.5
15:48:26.075 [FXGL Background Thread 3 ] DEBUG Engine               - globalMusicVolumeProperty: DoubleProperty [value: 0.5]
15:48:26.075 [FXGL Background Thread 3 ] DEBUG Engine               - globalSoundVolume: 0.5
15:48:26.075 [FXGL Background Thread 3 ] DEBUG Engine               - globalSoundVolumeProperty: DoubleProperty [value: 0.5]
15:48:26.075 [FXGL Background Thread 3 ] DEBUG Engine               - height: 720
15:48:26.075 [FXGL Background Thread 3 ] DEBUG Engine               - isAndroid: false
15:48:26.083 [FXGL Background Thread 3 ] DEBUG Engine               - isBrowser: false
15:48:26.083 [FXGL Background Thread 3 ] DEBUG Engine               - isClickFeedbackEnabled: false
15:48:26.083 [FXGL Background Thread 3 ] DEBUG Engine               - isCloseConfirmation: false
15:48:26.083 [FXGL Background Thread 3 ] DEBUG Engine               - isDesktop: true
15:48:26.083 [FXGL Background Thread 3 ] DEBUG Engine               - isDeveloperMenuEnabled: false
15:48:26.083 [FXGL Background Thread 3 ] DEBUG Engine               - isEntityPreloadEnabled: true
15:48:26.083 [FXGL Background Thread 3 ] DEBUG Engine               - isExperimental3D: false
15:48:26.083 [FXGL Background Thread 3 ] DEBUG Engine               - isExperimentalNative: false
15:48:26.084 [FXGL Background Thread 3 ] DEBUG Engine               - isExperimentalTiledLargeMap: false
15:48:26.084 [FXGL Background Thread 3 ] DEBUG Engine               - isFileSystemWriteAllowed: true
15:48:26.084 [FXGL Background Thread 3 ] DEBUG Engine               - isFullScreenAllowed: false
15:48:26.084 [FXGL Background Thread 3 ] DEBUG Engine               - isFullScreenFromStart: false
15:48:26.084 [FXGL Background Thread 3 ] DEBUG Engine               - isGameMenuEnabled: true
15:48:26.084 [FXGL Background Thread 3 ] DEBUG Engine               - isIOS: false
15:48:26.084 [FXGL Background Thread 3 ] DEBUG Engine               - isIntroEnabled: false
15:48:26.084 [FXGL Background Thread 3 ] DEBUG Engine               - isLinux: false
15:48:26.084 [FXGL Background Thread 3 ] DEBUG Engine               - isMac: true
15:48:26.084 [FXGL Background Thread 3 ] DEBUG Engine               - isMainMenuEnabled: true
15:48:26.084 [FXGL Background Thread 3 ] DEBUG Engine               - isManualResizeEnabled: false
15:48:26.086 [FXGL Background Thread 3 ] DEBUG Engine               - isMobile: false
15:48:26.087 [FXGL Background Thread 3 ] DEBUG Engine               - isPreserveResizeRatio: false
15:48:26.088 [FXGL Background Thread 3 ] DEBUG Engine               - isProfilingEnabled: false
15:48:26.088 [FXGL Background Thread 3 ] DEBUG Engine               - isScaleAffectedOnResize: true
15:48:26.088 [FXGL Background Thread 3 ] DEBUG Engine               - isSingleStep: false
15:48:26.088 [FXGL Background Thread 3 ] DEBUG Engine               - isUserProfileEnabled: false
15:48:26.088 [FXGL Background Thread 3 ] DEBUG Engine               - isWindows: false
15:48:26.088 [FXGL Background Thread 3 ] DEBUG Engine               - language: ObjectProperty [value: ENGLISH]
15:48:26.088 [FXGL Background Thread 3 ] DEBUG Engine               - menuKey: ESCAPE
15:48:26.088 [FXGL Background Thread 3 ] DEBUG Engine               - notificationViewClass: class com.almasb.fxgl.notification.view.XboxNotificationView
15:48:26.088 [FXGL Background Thread 3 ] DEBUG Engine               - pixelsPerMeter: 50.0
15:48:26.088 [FXGL Background Thread 3 ] DEBUG Engine               - platform: MAC
15:48:26.088 [FXGL Background Thread 3 ] DEBUG Engine               - prefHeightProperty: ReadOnlyDoubleProperty [value: 720.0]
15:48:26.088 [FXGL Background Thread 3 ] DEBUG Engine               - prefWidthProperty: ReadOnlyDoubleProperty [value: 1280.0]
15:48:26.088 [FXGL Background Thread 3 ] DEBUG Engine               - profileDir: profiles/
15:48:26.088 [FXGL Background Thread 3 ] DEBUG Engine               - profileName: StringProperty [value: DEFAULT]
15:48:26.088 [FXGL Background Thread 3 ] DEBUG Engine               - randomSeed: -1
15:48:26.088 [FXGL Background Thread 3 ] DEBUG Engine               - runtimeInfo: RuntimeInfo(platform=MAC, version=dev-SNAPSHOT, build=08.03.2021 18.05)
15:48:26.088 [FXGL Background Thread 3 ] DEBUG Engine               - saveFileExt: sav
15:48:26.088 [FXGL Background Thread 3 ] DEBUG Engine               - scaledHeightProp$fxgl: DoubleProperty [bound, value: 720.0]
15:48:26.088 [FXGL Background Thread 3 ] DEBUG Engine               - scaledWidthProp$fxgl: DoubleProperty [bound, value: 1280.0]
15:48:26.088 [FXGL Background Thread 3 ] DEBUG Engine               - sceneFactory: com.almasb.fxgl.app.scene.SceneFactory@7b75ce34
15:48:26.088 [FXGL Background Thread 3 ] DEBUG Engine               - secondsIn24h: 60
15:48:26.088 [FXGL Background Thread 3 ] DEBUG Engine               - soundMenuBack: menu/back.wav
15:48:26.088 [FXGL Background Thread 3 ] DEBUG Engine               - soundMenuPress: menu/press.wav
15:48:26.089 [FXGL Background Thread 3 ] DEBUG Engine               - soundMenuSelect: menu/select.wav
15:48:26.089 [FXGL Background Thread 3 ] DEBUG Engine               - soundNotification: core/notification.wav
15:48:26.089 [FXGL Background Thread 3 ] DEBUG Engine               - stageStyle: DECORATED
15:48:26.089 [FXGL Background Thread 3 ] DEBUG Engine               - supportedLanguages: [ENGLISH, FRENCH, GERMAN, HUNGARIAN, RUSSIAN]
15:48:26.089 [FXGL Background Thread 3 ] DEBUG Engine               - ticksPerSecond: -1
15:48:26.089 [FXGL Background Thread 3 ] DEBUG Engine               - title: Touchdown Mania
15:48:26.090 [FXGL Background Thread 3 ] DEBUG Engine               - urlGithub: https://github.com/AlmasB/FXGL
15:48:26.090 [FXGL Background Thread 3 ] DEBUG Engine               - urlLeaderboard: http://fxgl-top.herokuapp.com/
15:48:26.093 [FXGL Background Thread 3 ] DEBUG Engine               - urlPOM: https://raw.githubusercontent.com/AlmasB/FXGL/release/README.md
15:48:26.093 [FXGL Background Thread 3 ] DEBUG Engine               - userAppClass: class Game
15:48:26.093 [FXGL Background Thread 3 ] DEBUG Engine               - version: 0.1
15:48:26.093 [FXGL Background Thread 3 ] DEBUG Engine               - versionCheckDays: 7
15:48:26.093 [FXGL Background Thread 3 ] DEBUG Engine               - width: 1280
15:48:26.093 [FXGL Background Thread 3 ] DEBUG Engine               - Logging services
15:48:26.094 [FXGL Background Thread 3 ] DEBUG Engine               - class com.almasb.fxgl.app.services.FXGLAssetLoaderService
15:48:26.094 [FXGL Background Thread 3 ] DEBUG Engine               - class com.almasb.fxgl.app.FXGLApplication$GameApplicationService
15:48:26.094 [FXGL Background Thread 3 ] DEBUG Engine               - class com.almasb.fxgl.app.services.FXGLDialogService
15:48:26.094 [FXGL Background Thread 3 ] DEBUG Engine               - class com.almasb.fxgl.app.services.IOTaskExecutorService
15:48:26.094 [FXGL Background Thread 3 ] DEBUG Engine               - class com.almasb.fxgl.event.EventBusService
15:48:26.094 [FXGL Background Thread 3 ] DEBUG Engine               - class com.almasb.fxgl.io.FileSystemService
15:48:26.094 [FXGL Background Thread 3 ] DEBUG Engine               - class com.almasb.fxgl.localization.LocalizationService
15:48:26.094 [FXGL Background Thread 3 ] DEBUG Engine               - class com.almasb.fxgl.app.services.SystemBundleService
15:48:26.094 [FXGL Background Thread 3 ] DEBUG Engine               - class com.almasb.fxgl.profile.SaveLoadService
15:48:26.094 [FXGL Background Thread 3 ] DEBUG Engine               - class com.almasb.fxgl.ui.FXGLUIFactoryServiceProvider
15:48:26.094 [FXGL Background Thread 3 ] DEBUG Engine               - class com.almasb.fxgl.ui.FXGLDialogFactoryServiceProvider
15:48:26.094 [FXGL Background Thread 3 ] DEBUG Engine               - class com.almasb.fxgl.audio.AudioPlayer
15:48:26.094 [FXGL Background Thread 3 ] DEBUG Engine               - class com.almasb.fxgl.notification.impl.NotificationServiceProvider
15:48:26.094 [FXGL Background Thread 3 ] DEBUG Engine               - class com.almasb.fxgl.achievement.AchievementService
15:48:26.094 [FXGL Background Thread 3 ] DEBUG Engine               - class com.almasb.fxgl.cutscene.CutsceneService
15:48:26.094 [FXGL Background Thread 3 ] DEBUG Engine               - class com.almasb.fxgl.minigames.MiniGameService
15:48:26.094 [FXGL Background Thread 3 ] DEBUG Engine               - class com.almasb.fxgl.net.NetService
15:48:26.094 [FXGL Background Thread 3 ] DEBUG Engine               - class com.almasb.fxgl.app.services.UpdaterService
15:48:26.094 [FXGL Background Thread 3 ] DEBUG Engine               - class com.almasb.fxgl.dev.DevService
15:48:38.068 [JavaFX Application Thread] DEBUG FXGLApplication      - Exiting FXGL
15:48:38.072 [JavaFX Application Thread] DEBUG LoopRunner           - Stopping loop
15:48:38.073 [JavaFX Application Thread] DEBUG SystemBundleService  - Saving FXGL system data
15:48:38.078 [JavaFX Application Thread] DEBUG FileSystemAccess     - Writing to: /Users/gupta/Desktop/Java Projects/Madden Game/system/fxgl.bundle
15:48:38.084 [JavaFX Application Thread] DEBUG Async                - Shutting down background threads
15:48:38.085 [JavaFX Application Thread] DEBUG PrimaryStageWindow   - Closing main window
15:48:38.102 [JavaFX Application Thread] DEBUG Logger               - Closing Logger
