16:11:16.404 [main                     ] DEBUG Logger               - Configured Logger
16:11:16.411 [main                     ] DEBUG GameApplication      - Logging settings
Title: Touchdown Mania
Version: 0.1
Width: 1280
Height: 720
Fullscreen: false
Intro: false
Profiling: false
Single step:false
App Mode: DEVELOPER
Menu Key: ESCAPE
Stage Style: DECORATED
Scene Factory: class com.almasb.fxgl.app.scene.SceneFactory

16:11:16.802 [JavaFX Application Thread] DEBUG FXGLApplication      - Initializing FXGL
16:11:16.811 [JavaFX Application Thread] INFO  Engine               - FXGL-dev-SNAPSHOT (08.03.2021 18.05) on MAC (J:14.0.2 FX:15)
16:11:16.811 [JavaFX Application Thread] DEBUG Engine               - JRE Vendor Name: AdoptOpenJDK
16:11:16.811 [JavaFX Application Thread] DEBUG Engine               - Running on OS: Mac OS X version 10.16
16:11:16.812 [JavaFX Application Thread] DEBUG Engine               - Architecture: x86_64
16:11:16.812 [JavaFX Application Thread] INFO  Engine               - Source code and latest versions at: https://github.com/AlmasB/FXGL
16:11:16.812 [JavaFX Application Thread] INFO  Engine               -              Join the FXGL chat at: https://gitter.im/AlmasB/FXGL
16:11:16.926 [JavaFX Application Thread] DEBUG PrimaryStageWindow   - Creating a JavaFX scene
16:11:16.978 [JavaFX Application Thread] DEBUG PrimaryStageWindow   - Target settings size: 1280.0 x 720.0
16:11:16.979 [JavaFX Application Thread] DEBUG PrimaryStageWindow   - Scaled scene size:    1280.0 x 720.0
16:11:16.980 [JavaFX Application Thread] DEBUG PrimaryStageWindow   - Scaled ratio: (1.0, 1.0)
16:11:16.981 [JavaFX Application Thread] DEBUG PrimaryStageWindow   - Set initial scene to FXGLStartupScene
16:11:16.985 [JavaFX Application Thread] DEBUG PrimaryStageWindow   - Opening main window
16:11:17.068 [JavaFX Application Thread] DEBUG PrimaryStageWindow   - Window border size: (0.0, 28.0)
16:11:17.068 [JavaFX Application Thread] DEBUG PrimaryStageWindow   - Scaled size: 1280.0 x 720.0
16:11:17.068 [JavaFX Application Thread] DEBUG PrimaryStageWindow   - Scaled ratio: (1.0, 1.0)
16:11:17.069 [JavaFX Application Thread] DEBUG PrimaryStageWindow   - Scene size: 1280.0 x 720.0
16:11:17.069 [JavaFX Application Thread] DEBUG PrimaryStageWindow   - Stage size: 1280.0 x 748.0
16:11:17.074 [FXGL Background Thread 1 ] DEBUG Engine               - Initializing environment variables
16:11:17.210 [FXGL Background Thread 1 ] DEBUG FXGLAssetLoaderServi - User app class for loading assets: class Game
16:11:17.212 [FXGL Background Thread 1 ] DEBUG GameApplicationServi - Applying CSS: fxgl_dark.css
16:11:17.214 [FXGL Background Thread 1 ] DEBUG FXGLAssetLoaderServi - Loading from file system: jar:file:/Users/gupta/.m2/repository/com/github/almasb/fxgl/dev-SNAPSHOT/fxgl-dev-20210308.180623-1701.jar!/fxglassets/ui/css/fxgl_dark.css
16:11:17.324 [FXGL Background Thread 1 ] DEBUG GameApplicationServi - Initializing application scenes
16:11:17.820 [FXGL Background Thread 1 ] DEBUG GameWorld            - Game world initialized
16:11:17.914 [FXGL Background Thread 1 ] DEBUG PhysicsWorld         - Physics world initialized: appHeight=720, physics.ppm=50.0
16:11:17.915 [FXGL Background Thread 1 ] DEBUG PhysicsWorld         - Using strategy: BRUTE_FORCE
16:11:17.934 [FXGL Background Thread 1 ] DEBUG GameScene            - Game scene initialized: 1280x720
16:11:18.016 [FXGL Background Thread 1 ] DEBUG FXGLAssetLoaderServi - Loading from file system: jar:file:/Users/gupta/.m2/repository/com/github/almasb/fxgl/dev-SNAPSHOT/fxgl-dev-20210308.180623-1701.jar!/fxglassets/textures/particles/trace_horizontal.png
16:11:18.131 [FXGL Background Thread 1 ] DEBUG FXGL.DefaultMenu     - createMenuBodyMainMenu()
16:11:18.157 [FXGL Background Thread 1 ] DEBUG FXGL.DefaultMenu     - createOptionsMenu()
16:11:18.172 [FXGL Background Thread 1 ] DEBUG FXGLAssetLoaderServi - Loading from file system: jar:file:/Users/gupta/.m2/repository/com/github/almasb/fxgl/dev-SNAPSHOT/fxgl-dev-20210308.180623-1701.jar!/fxglassets/textures/particles/smoke.png
16:11:18.329 [FXGL Background Thread 1 ] DEBUG FXGL.DefaultMenu     - createMenuBodyGameMenu()
16:11:18.336 [FXGL Background Thread 1 ] DEBUG FXGL.DefaultMenu     - createOptionsMenu()
16:11:18.390 [FXGL Background Thread 1 ] DEBUG GameApplicationServi - Application scenes initialized
16:11:18.415 [FXGL Background Thread 1 ] DEBUG SystemBundleService  - Loading FXGL system data
16:11:18.427 [FXGL Background Thread 1 ] DEBUG FileSystemAccess     - Reading from: /Users/gupta/Desktop/Java Projects/Madden Game/system/fxgl.bundle
16:11:18.437 [FXGL Background Thread 1 ] DEBUG SystemBundleService  - Bundle FXGL: {}
16:11:18.437 [FXGL Background Thread 1 ] DEBUG UpdaterService       - Checking for updates
16:11:18.450 [FXGL Background Thread 4 ] DEBUG FXGLApplication      - Loading fonts
16:11:18.453 [FXGL Background Thread 1 ] DEBUG FXGLApplication      - Loading default localization
16:11:18.454 [FXGL Background Thread 1 ] DEBUG FXGLAssetLoaderServi - Loading from file system: jar:file:/Users/gupta/.m2/repository/com/github/almasb/fxgl/dev-SNAPSHOT/fxgl-dev-20210308.180623-1701.jar!/fxglassets/languages/english.lang
16:11:18.453 [FXGL Background Thread 4 ] DEBUG FXGLAssetLoaderServi - Loading from file system: jar:file:/Users/gupta/.m2/repository/com/github/almasb/fxgl/dev-SNAPSHOT/fxgl-dev-20210308.180623-1701.jar!/fxglassets/ui/fonts/VarelaRound-Regular.ttf
16:11:18.491 [FXGL Background Thread 4 ] DEBUG FXGLAssetLoaderServi - Loading from file system: jar:file:/Users/gupta/.m2/repository/com/github/almasb/fxgl/dev-SNAPSHOT/fxgl-dev-20210308.180623-1701.jar!/fxglassets/ui/fonts/Abel-Regular.ttf
16:11:18.516 [FXGL Background Thread 4 ] DEBUG FXGLAssetLoaderServi - Loading from file system: jar:file:/Users/gupta/.m2/repository/com/github/almasb/fxgl/dev-SNAPSHOT/fxgl-dev-20210308.180623-1701.jar!/fxglassets/ui/fonts/lucida_console.ttf
16:11:18.519 [FXGL Background Thread 1 ] INFO  FXGLApplication      - FXGL initialization took: 1.444 sec
16:11:18.526 [FXGL Background Thread 4 ] DEBUG FXGLAssetLoaderServi - Loading from file system: jar:file:/Users/gupta/.m2/repository/com/github/almasb/fxgl/dev-SNAPSHOT/fxgl-dev-20210308.180623-1701.jar!/fxglassets/ui/fonts/Courier-Prime.ttf
16:11:18.532 [JavaFX Application Thread] DEBUG Input                - Registered new binding: action0 - Left
16:11:18.534 [JavaFX Application Thread] DEBUG Input                - Registered new binding: action1 - Right
16:11:18.536 [JavaFX Application Thread] DEBUG Input                - Registered new binding: action2 - Up
16:11:18.536 [JavaFX Application Thread] DEBUG Input                - Registered new binding: action3 - Down
16:11:18.538 [JavaFX Application Thread] DEBUG FXGLAssetLoaderServi - Loading from file system: jar:file:/Users/gupta/.m2/repository/com/github/almasb/fxgl/dev-SNAPSHOT/fxgl-dev-20210308.180623-1701.jar!/fxglassets/textures/fxgl_icon.png
16:11:18.602 [JavaFX Application Thread] DEBUG FXGLAssetLoaderServi - Loading from file system: jar:file:/Users/gupta/.m2/repository/com/github/almasb/fxgl/dev-SNAPSHOT/fxgl-dev-20210308.180623-1701.jar!/fxglassets/ui/cursors/fxgl_default.png
16:11:18.612 [JavaFX Application Thread] DEBUG Input                - Registered new binding: Screenshot - P
16:11:18.612 [JavaFX Application Thread] DEBUG Input                - Registered new binding: System info dump - CTRL+9
16:11:18.613 [JavaFX Application Thread] DEBUG Input                - Registered new binding: Restart - CTRL+R
16:11:18.613 [JavaFX Application Thread] DEBUG Input                - Registered new binding: Toggle Debug Camera - CTRL+C
16:11:18.615 [JavaFX Application Thread] DEBUG LoopRunner           - Starting loop
16:11:18.615 [JavaFX Application Thread] DEBUG LoopRunner           - Initializing JavaFX AnimationTimerLoop
16:11:18.619 [JavaFX Application Thread] DEBUG Input                - Clearing active input actions
16:11:18.665 [JavaFX Application Thread] DEBUG GameApplicationServi - Removing overlay from FXGLStartupScene and adding to FXGLMainMenuDummyScene
16:11:18.668 [JavaFX Application Thread] DEBUG PrimaryStageWindow   - FXGLStartupScene -> FXGLMainMenuDummyScene
16:11:18.669 [JavaFX Application Thread] DEBUG PrimaryStageWindow   - Push state: FXGLDefaultMenu
16:11:18.676 [JavaFX Application Thread] DEBUG Input                - Clearing active input actions
16:11:18.698 [JavaFX Application Thread] DEBUG GameApplicationServi - Removing overlay from FXGLMainMenuDummyScene and adding to FXGLDefaultMenu
16:11:18.699 [JavaFX Application Thread] DEBUG PrimaryStageWindow   - FXGLMainMenuDummyScene -> FXGLDefaultMenu
16:11:18.724 [JavaFX Application Thread] DEBUG FXGLApplication      - Registering font factories with UI factory
16:11:19.340 [FXGL Background Thread 2 ] INFO  UpdaterService       - Your current version:  dev-SNAPSHOT
16:11:19.359 [FXGL Background Thread 2 ] INFO  UpdaterService       - Latest stable version: 11.14
16:11:21.455 [FXGL Background Thread 3 ] DEBUG Engine               - Logging environment variables
16:11:21.462 [FXGL Background Thread 3 ] DEBUG Engine               - achievements: []
16:11:21.465 [FXGL Background Thread 3 ] DEBUG Engine               - actualHeight: 720.0
16:11:21.466 [FXGL Background Thread 3 ] DEBUG Engine               - actualHeightProperty: ReadOnlyDoubleProperty [value: 720.0]
16:11:21.467 [FXGL Background Thread 3 ] DEBUG Engine               - actualWidth: 1280.0
16:11:21.467 [FXGL Background Thread 3 ] DEBUG Engine               - actualWidthProperty: ReadOnlyDoubleProperty [value: 1280.0]
16:11:21.467 [FXGL Background Thread 3 ] DEBUG Engine               - appIcon: fxgl_icon.png
16:11:21.476 [FXGL Background Thread 3 ] DEBUG Engine               - applicationMode: DEVELOPER
16:11:21.485 [FXGL Background Thread 3 ] DEBUG Engine               - cSSList: [fxgl_dark.css]
16:11:21.494 [FXGL Background Thread 3 ] DEBUG Engine               - collisionDetectionStrategy: BRUTE_FORCE
16:11:21.500 [FXGL Background Thread 3 ] DEBUG Engine               - configClass: Optional.empty
16:11:21.501 [FXGL Background Thread 3 ] DEBUG Engine               - credits: []
16:11:21.506 [FXGL Background Thread 3 ] DEBUG Engine               - devBBoxColorProperty: ObjectProperty [value: 0xff0000ff]
16:11:21.507 [FXGL Background Thread 3 ] DEBUG Engine               - devEnableDebugCameraProperty: BooleanProperty [value: false]
16:11:21.507 [FXGL Background Thread 3 ] DEBUG Engine               - devSensorColorProperty: ObjectProperty [value: 0xffff00ff]
16:11:21.507 [FXGL Background Thread 3 ] DEBUG Engine               - devShowBBoxProperty: BooleanProperty [value: false]
16:11:21.507 [FXGL Background Thread 3 ] DEBUG Engine               - devShowPositionProperty: BooleanProperty [value: false]
16:11:21.507 [FXGL Background Thread 3 ] DEBUG Engine               - enabledMenuItems: []
16:11:21.507 [FXGL Background Thread 3 ] DEBUG Engine               - engineServices: [class com.almasb.fxgl.app.services.FXGLAssetLoaderService, class com.almasb.fxgl.app.FXGLApplication$GameApplicationService, class com.almasb.fxgl.app.services.FXGLDialogService, class com.almasb.fxgl.app.services.IOTaskExecutorService, class com.almasb.fxgl.event.EventBusService, class com.almasb.fxgl.io.FileSystemService, class com.almasb.fxgl.localization.LocalizationService, class com.almasb.fxgl.app.services.SystemBundleService, class com.almasb.fxgl.profile.SaveLoadService, class com.almasb.fxgl.ui.FXGLUIFactoryServiceProvider, class com.almasb.fxgl.ui.FXGLDialogFactoryServiceProvider, class com.almasb.fxgl.audio.AudioPlayer, class com.almasb.fxgl.notification.impl.NotificationServiceProvider, class com.almasb.fxgl.achievement.AchievementService, class com.almasb.fxgl.cutscene.CutsceneService, class com.almasb.fxgl.minigames.MiniGameService, class com.almasb.fxgl.net.NetService, class com.almasb.fxgl.app.services.UpdaterService, class com.almasb.fxgl.dev.DevService]
16:11:21.508 [FXGL Background Thread 3 ] DEBUG Engine               - fontGame: Abel-Regular.ttf
16:11:21.508 [FXGL Background Thread 3 ] DEBUG Engine               - fontMono: lucida_console.ttf
16:11:21.508 [FXGL Background Thread 3 ] DEBUG Engine               - fontText: Courier-Prime.ttf
16:11:21.508 [FXGL Background Thread 3 ] DEBUG Engine               - fontUI: VarelaRound-Regular.ttf
16:11:21.508 [FXGL Background Thread 3 ] DEBUG Engine               - fullScreen: BooleanProperty [value: false]
16:11:21.508 [FXGL Background Thread 3 ] DEBUG Engine               - gameDifficulty: MEDIUM
16:11:21.508 [FXGL Background Thread 3 ] DEBUG Engine               - gameDifficultyProperty: ObjectProperty [value: MEDIUM]
16:11:21.508 [FXGL Background Thread 3 ] DEBUG Engine               - globalMusicVolume: 0.5
16:11:21.508 [FXGL Background Thread 3 ] DEBUG Engine               - globalMusicVolumeProperty: DoubleProperty [value: 0.5]
16:11:21.508 [FXGL Background Thread 3 ] DEBUG Engine               - globalSoundVolume: 0.5
16:11:21.508 [FXGL Background Thread 3 ] DEBUG Engine               - globalSoundVolumeProperty: DoubleProperty [value: 0.5]
16:11:21.508 [FXGL Background Thread 3 ] DEBUG Engine               - height: 720
16:11:21.508 [FXGL Background Thread 3 ] DEBUG Engine               - isAndroid: false
16:11:21.508 [FXGL Background Thread 3 ] DEBUG Engine               - isBrowser: false
16:11:21.508 [FXGL Background Thread 3 ] DEBUG Engine               - isClickFeedbackEnabled: false
16:11:21.508 [FXGL Background Thread 3 ] DEBUG Engine               - isCloseConfirmation: false
16:11:21.508 [FXGL Background Thread 3 ] DEBUG Engine               - isDesktop: true
16:11:21.508 [FXGL Background Thread 3 ] DEBUG Engine               - isDeveloperMenuEnabled: false
16:11:21.508 [FXGL Background Thread 3 ] DEBUG Engine               - isEntityPreloadEnabled: true
16:11:21.508 [FXGL Background Thread 3 ] DEBUG Engine               - isExperimental3D: false
16:11:21.508 [FXGL Background Thread 3 ] DEBUG Engine               - isExperimentalNative: false
16:11:21.508 [FXGL Background Thread 3 ] DEBUG Engine               - isExperimentalTiledLargeMap: false
16:11:21.509 [FXGL Background Thread 3 ] DEBUG Engine               - isFileSystemWriteAllowed: true
16:11:21.509 [FXGL Background Thread 3 ] DEBUG Engine               - isFullScreenAllowed: false
16:11:21.509 [FXGL Background Thread 3 ] DEBUG Engine               - isFullScreenFromStart: false
16:11:21.509 [FXGL Background Thread 3 ] DEBUG Engine               - isGameMenuEnabled: true
16:11:21.509 [FXGL Background Thread 3 ] DEBUG Engine               - isIOS: false
16:11:21.509 [FXGL Background Thread 3 ] DEBUG Engine               - isIntroEnabled: false
16:11:21.509 [FXGL Background Thread 3 ] DEBUG Engine               - isLinux: false
16:11:21.509 [FXGL Background Thread 3 ] DEBUG Engine               - isMac: true
16:11:21.509 [FXGL Background Thread 3 ] DEBUG Engine               - isMainMenuEnabled: true
16:11:21.509 [FXGL Background Thread 3 ] DEBUG Engine               - isManualResizeEnabled: false
16:11:21.509 [FXGL Background Thread 3 ] DEBUG Engine               - isMobile: false
16:11:21.509 [FXGL Background Thread 3 ] DEBUG Engine               - isPreserveResizeRatio: false
16:11:21.509 [FXGL Background Thread 3 ] DEBUG Engine               - isProfilingEnabled: false
16:11:21.513 [FXGL Background Thread 3 ] DEBUG Engine               - isScaleAffectedOnResize: true
16:11:21.514 [FXGL Background Thread 3 ] DEBUG Engine               - isSingleStep: false
16:11:21.514 [FXGL Background Thread 3 ] DEBUG Engine               - isUserProfileEnabled: false
16:11:21.514 [FXGL Background Thread 3 ] DEBUG Engine               - isWindows: false
16:11:21.515 [FXGL Background Thread 3 ] DEBUG Engine               - language: ObjectProperty [value: ENGLISH]
16:11:21.519 [FXGL Background Thread 3 ] DEBUG Engine               - menuKey: ESCAPE
16:11:21.521 [FXGL Background Thread 3 ] DEBUG Engine               - notificationViewClass: class com.almasb.fxgl.notification.view.XboxNotificationView
16:11:21.521 [FXGL Background Thread 3 ] DEBUG Engine               - pixelsPerMeter: 50.0
16:11:21.521 [FXGL Background Thread 3 ] DEBUG Engine               - platform: MAC
16:11:21.521 [FXGL Background Thread 3 ] DEBUG Engine               - prefHeightProperty: ReadOnlyDoubleProperty [value: 720.0]
16:11:21.521 [FXGL Background Thread 3 ] DEBUG Engine               - prefWidthProperty: ReadOnlyDoubleProperty [value: 1280.0]
16:11:21.521 [FXGL Background Thread 3 ] DEBUG Engine               - profileDir: profiles/
16:11:21.521 [FXGL Background Thread 3 ] DEBUG Engine               - profileName: StringProperty [value: DEFAULT]
16:11:21.521 [FXGL Background Thread 3 ] DEBUG Engine               - randomSeed: -1
16:11:21.521 [FXGL Background Thread 3 ] DEBUG Engine               - runtimeInfo: RuntimeInfo(platform=MAC, version=dev-SNAPSHOT, build=08.03.2021 18.05)
16:11:21.522 [FXGL Background Thread 3 ] DEBUG Engine               - saveFileExt: sav
16:11:21.523 [FXGL Background Thread 3 ] DEBUG Engine               - scaledHeightProp$fxgl: DoubleProperty [bound, value: 720.0]
16:11:21.523 [FXGL Background Thread 3 ] DEBUG Engine               - scaledWidthProp$fxgl: DoubleProperty [bound, value: 1280.0]
16:11:21.523 [FXGL Background Thread 3 ] DEBUG Engine               - sceneFactory: com.almasb.fxgl.app.scene.SceneFactory@3055695b
16:11:21.523 [FXGL Background Thread 3 ] DEBUG Engine               - secondsIn24h: 60
16:11:21.523 [FXGL Background Thread 3 ] DEBUG Engine               - soundMenuBack: menu/back.wav
16:11:21.523 [FXGL Background Thread 3 ] DEBUG Engine               - soundMenuPress: menu/press.wav
16:11:21.523 [FXGL Background Thread 3 ] DEBUG Engine               - soundMenuSelect: menu/select.wav
16:11:21.523 [FXGL Background Thread 3 ] DEBUG Engine               - soundNotification: core/notification.wav
16:11:21.523 [FXGL Background Thread 3 ] DEBUG Engine               - stageStyle: DECORATED
16:11:21.523 [FXGL Background Thread 3 ] DEBUG Engine               - supportedLanguages: [ENGLISH, FRENCH, GERMAN, HUNGARIAN, RUSSIAN]
16:11:21.523 [FXGL Background Thread 3 ] DEBUG Engine               - ticksPerSecond: -1
16:11:21.523 [FXGL Background Thread 3 ] DEBUG Engine               - title: Touchdown Mania
16:11:21.523 [FXGL Background Thread 3 ] DEBUG Engine               - urlGithub: https://github.com/AlmasB/FXGL
16:11:21.523 [FXGL Background Thread 3 ] DEBUG Engine               - urlLeaderboard: http://fxgl-top.herokuapp.com/
16:11:21.523 [FXGL Background Thread 3 ] DEBUG Engine               - urlPOM: https://raw.githubusercontent.com/AlmasB/FXGL/release/README.md
16:11:21.523 [FXGL Background Thread 3 ] DEBUG Engine               - userAppClass: class Game
16:11:21.523 [FXGL Background Thread 3 ] DEBUG Engine               - version: 0.1
16:11:21.523 [FXGL Background Thread 3 ] DEBUG Engine               - versionCheckDays: 7
16:11:21.523 [FXGL Background Thread 3 ] DEBUG Engine               - width: 1280
16:11:21.523 [FXGL Background Thread 3 ] DEBUG Engine               - Logging services
16:11:21.523 [FXGL Background Thread 3 ] DEBUG Engine               - class com.almasb.fxgl.app.services.FXGLAssetLoaderService
16:11:21.523 [FXGL Background Thread 3 ] DEBUG Engine               - class com.almasb.fxgl.app.FXGLApplication$GameApplicationService
16:11:21.523 [FXGL Background Thread 3 ] DEBUG Engine               - class com.almasb.fxgl.app.services.FXGLDialogService
16:11:21.523 [FXGL Background Thread 3 ] DEBUG Engine               - class com.almasb.fxgl.app.services.IOTaskExecutorService
16:11:21.523 [FXGL Background Thread 3 ] DEBUG Engine               - class com.almasb.fxgl.event.EventBusService
16:11:21.523 [FXGL Background Thread 3 ] DEBUG Engine               - class com.almasb.fxgl.io.FileSystemService
16:11:21.523 [FXGL Background Thread 3 ] DEBUG Engine               - class com.almasb.fxgl.localization.LocalizationService
16:11:21.523 [FXGL Background Thread 3 ] DEBUG Engine               - class com.almasb.fxgl.app.services.SystemBundleService
16:11:21.523 [FXGL Background Thread 3 ] DEBUG Engine               - class com.almasb.fxgl.profile.SaveLoadService
16:11:21.523 [FXGL Background Thread 3 ] DEBUG Engine               - class com.almasb.fxgl.ui.FXGLUIFactoryServiceProvider
16:11:21.523 [FXGL Background Thread 3 ] DEBUG Engine               - class com.almasb.fxgl.ui.FXGLDialogFactoryServiceProvider
16:11:21.524 [FXGL Background Thread 3 ] DEBUG Engine               - class com.almasb.fxgl.audio.AudioPlayer
16:11:21.525 [FXGL Background Thread 3 ] DEBUG Engine               - class com.almasb.fxgl.notification.impl.NotificationServiceProvider
16:11:21.525 [FXGL Background Thread 3 ] DEBUG Engine               - class com.almasb.fxgl.achievement.AchievementService
16:11:21.525 [FXGL Background Thread 3 ] DEBUG Engine               - class com.almasb.fxgl.cutscene.CutsceneService
16:11:21.525 [FXGL Background Thread 3 ] DEBUG Engine               - class com.almasb.fxgl.minigames.MiniGameService
16:11:21.525 [FXGL Background Thread 3 ] DEBUG Engine               - class com.almasb.fxgl.net.NetService
16:11:21.525 [FXGL Background Thread 3 ] DEBUG Engine               - class com.almasb.fxgl.app.services.UpdaterService
16:11:21.525 [FXGL Background Thread 3 ] DEBUG Engine               - class com.almasb.fxgl.dev.DevService
16:11:23.700 [JavaFX Application Thread] DEBUG Menu                 - fireNewGame()
16:11:23.703 [JavaFX Application Thread] DEBUG GameApplicationServi - Starting new game
16:11:23.706 [JavaFX Application Thread] DEBUG PrimaryStageWindow   - Pop state: FXGLDefaultMenu
16:11:23.706 [JavaFX Application Thread] DEBUG Input                - Clearing active input actions
16:11:23.716 [JavaFX Application Thread] DEBUG GameApplicationServi - Removing overlay from FXGLDefaultMenu and adding to FXGLMainMenuDummyScene
16:11:23.717 [JavaFX Application Thread] DEBUG PrimaryStageWindow   - FXGLMainMenuDummyScene <- FXGLDefaultMenu
16:11:23.719 [JavaFX Application Thread] DEBUG Input                - Clearing active input actions
16:11:23.746 [JavaFX Application Thread] DEBUG GameApplicationServi - Removing overlay from FXGLMainMenuDummyScene and adding to FXGLLoadingScene
16:11:23.746 [JavaFX Application Thread] DEBUG PrimaryStageWindow   - FXGLMainMenuDummyScene -> FXGLLoadingScene
16:11:23.746 [JavaFX Application Thread] DEBUG GameApplicationServi - Clearing previous game
16:11:23.746 [JavaFX Application Thread] DEBUG GameScene            - Clearing game scene
16:11:23.746 [JavaFX Application Thread] DEBUG GameWorld            - Clearing game world
16:11:23.746 [JavaFX Application Thread] DEBUG PhysicsWorld         - Clearing physics world
16:11:23.749 [FXGL Background Thread 2 ] DEBUG FXGLApplication      - Initializing game
16:11:23.770 [FXGL Background Thread 2 ] DEBUG FXGLAssetLoaderServi - Loading from file system: file:/Users/gupta/Desktop/Java%20Projects/Madden%20Game/target/classes/assets/textures/fieldBackground.jpg
16:11:23.847 [FXGL Background Thread 2 ] DEBUG FXGLAssetLoaderServi - Loading from file system: file:/Users/gupta/Desktop/Java%20Projects/Madden%20Game/target/classes/assets/textures/footballSpritesLeft.png
16:11:23.857 [FXGL Background Thread 2 ] DEBUG FXGLAssetLoaderServi - Loading from file system: file:/Users/gupta/Desktop/Java%20Projects/Madden%20Game/target/classes/assets/textures/footballSpritesUP.png
16:11:23.858 [FXGL Background Thread 2 ] DEBUG FXGLAssetLoaderServi - Loading from file system: file:/Users/gupta/Desktop/Java%20Projects/Madden%20Game/target/classes/assets/textures/footballSpritesDown.png
16:11:23.865 [FXGL Background Thread 2 ] DEBUG FXGLAssetLoaderServi - Loading from file system: file:/Users/gupta/Desktop/Java%20Projects/Madden%20Game/target/classes/assets/textures/footballSpritesRight%202.png
16:11:23.869 [FXGL Background Thread 2 ] DEBUG FXGLAssetLoaderServi - Loading from file system: file:/Users/gupta/Desktop/Java%20Projects/Madden%20Game/target/classes/assets/textures/footballSpritesUP%202.png
16:11:23.874 [FXGL Background Thread 2 ] DEBUG FXGLAssetLoaderServi - Loading from file system: file:/Users/gupta/Desktop/Java%20Projects/Madden%20Game/target/classes/assets/textures/footballSpritesDown%202.png
16:11:23.942 [FXGL Background Thread 2 ] DEBUG FXGLAssetLoaderServi - Loading from file system: file:/Users/gupta/Desktop/Java%20Projects/Madden%20Game/target/classes/assets/textures/football.png
16:11:23.983 [FXGL Background Thread 2 ] INFO  FXGLApplication      - Game initialization took: 0.233 sec
16:11:23.984 [JavaFX Application Thread] DEBUG Input                - Clearing active input actions
16:11:24.029 [JavaFX Application Thread] DEBUG GameApplicationServi - Removing overlay from FXGLLoadingScene and adding to GameScene
16:11:24.038 [JavaFX Application Thread] DEBUG PrimaryStageWindow   - FXGLLoadingScene -> GameScene
16:11:25.809 [JavaFX Application Thread] DEBUG FXGLApplication      - Exiting FXGL
16:11:25.815 [JavaFX Application Thread] DEBUG LoopRunner           - Stopping loop
16:11:25.815 [JavaFX Application Thread] DEBUG SystemBundleService  - Saving FXGL system data
16:11:25.827 [JavaFX Application Thread] DEBUG FileSystemAccess     - Writing to: /Users/gupta/Desktop/Java Projects/Madden Game/system/fxgl.bundle
16:11:25.833 [JavaFX Application Thread] DEBUG Async                - Shutting down background threads
16:11:25.834 [JavaFX Application Thread] DEBUG PrimaryStageWindow   - Closing main window
16:11:25.854 [JavaFX Application Thread] DEBUG Logger               - Closing Logger
