16:08:04.325 [main                     ] DEBUG Logger               - Configured Logger
16:08:04.333 [main                     ] DEBUG GameApplication      - Logging settings
Title: Touchdown Mania
Version: 0.1
Width: 1280
Height: 720
Fullscreen: false
Intro: false
Profiling: false
Single step:false
App Mode: DEVELOPER
Menu Key: ESCAPE
Stage Style: DECORATED
Scene Factory: class com.almasb.fxgl.app.scene.SceneFactory

16:08:04.788 [JavaFX Application Thread] DEBUG FXGLApplication      - Initializing FXGL
16:08:04.792 [JavaFX Application Thread] INFO  Engine               - FXGL-dev-SNAPSHOT (08.03.2021 18.05) on MAC (J:14.0.2 FX:15)
16:08:04.793 [JavaFX Application Thread] DEBUG Engine               - JRE Vendor Name: AdoptOpenJDK
16:08:04.793 [JavaFX Application Thread] DEBUG Engine               - Running on OS: Mac OS X version 10.16
16:08:04.793 [JavaFX Application Thread] DEBUG Engine               - Architecture: x86_64
16:08:04.793 [JavaFX Application Thread] INFO  Engine               - Source code and latest versions at: https://github.com/AlmasB/FXGL
16:08:04.793 [JavaFX Application Thread] INFO  Engine               -              Join the FXGL chat at: https://gitter.im/AlmasB/FXGL
16:08:04.947 [JavaFX Application Thread] DEBUG PrimaryStageWindow   - Creating a JavaFX scene
16:08:04.998 [JavaFX Application Thread] DEBUG PrimaryStageWindow   - Target settings size: 1280.0 x 720.0
16:08:04.999 [JavaFX Application Thread] DEBUG PrimaryStageWindow   - Scaled scene size:    1280.0 x 720.0
16:08:04.999 [JavaFX Application Thread] DEBUG PrimaryStageWindow   - Scaled ratio: (1.0, 1.0)
16:08:05.001 [JavaFX Application Thread] DEBUG PrimaryStageWindow   - Set initial scene to FXGLStartupScene
16:08:05.006 [JavaFX Application Thread] DEBUG PrimaryStageWindow   - Opening main window
16:08:05.113 [JavaFX Application Thread] DEBUG PrimaryStageWindow   - Window border size: (0.0, 28.0)
16:08:05.113 [JavaFX Application Thread] DEBUG PrimaryStageWindow   - Scaled size: 1280.0 x 720.0
16:08:05.114 [JavaFX Application Thread] DEBUG PrimaryStageWindow   - Scaled ratio: (1.0, 1.0)
16:08:05.114 [JavaFX Application Thread] DEBUG PrimaryStageWindow   - Scene size: 1280.0 x 720.0
16:08:05.114 [JavaFX Application Thread] DEBUG PrimaryStageWindow   - Stage size: 1280.0 x 748.0
16:08:05.128 [FXGL Background Thread 1 ] DEBUG Engine               - Initializing environment variables
16:08:05.193 [FXGL Background Thread 1 ] DEBUG FXGLAssetLoaderServi - User app class for loading assets: class Game
16:08:05.193 [FXGL Background Thread 1 ] DEBUG GameApplicationServi - Applying CSS: fxgl_dark.css
16:08:05.196 [FXGL Background Thread 1 ] DEBUG FXGLAssetLoaderServi - Loading from file system: jar:file:/Users/gupta/.m2/repository/com/github/almasb/fxgl/dev-SNAPSHOT/fxgl-dev-20210308.180623-1701.jar!/fxglassets/ui/css/fxgl_dark.css
16:08:05.313 [FXGL Background Thread 1 ] DEBUG GameApplicationServi - Initializing application scenes
16:08:05.613 [FXGL Background Thread 1 ] DEBUG GameWorld            - Game world initialized
16:08:05.656 [FXGL Background Thread 1 ] DEBUG PhysicsWorld         - Physics world initialized: appHeight=720, physics.ppm=50.0
16:08:05.656 [FXGL Background Thread 1 ] DEBUG PhysicsWorld         - Using strategy: BRUTE_FORCE
16:08:05.669 [FXGL Background Thread 1 ] DEBUG GameScene            - Game scene initialized: 1280x720
16:08:05.708 [FXGL Background Thread 1 ] DEBUG FXGLAssetLoaderServi - Loading from file system: jar:file:/Users/gupta/.m2/repository/com/github/almasb/fxgl/dev-SNAPSHOT/fxgl-dev-20210308.180623-1701.jar!/fxglassets/textures/particles/trace_horizontal.png
16:08:05.773 [FXGL Background Thread 1 ] DEBUG FXGL.DefaultMenu     - createMenuBodyMainMenu()
16:08:05.789 [FXGL Background Thread 1 ] DEBUG FXGL.DefaultMenu     - createOptionsMenu()
16:08:05.801 [FXGL Background Thread 1 ] DEBUG FXGLAssetLoaderServi - Loading from file system: jar:file:/Users/gupta/.m2/repository/com/github/almasb/fxgl/dev-SNAPSHOT/fxgl-dev-20210308.180623-1701.jar!/fxglassets/textures/particles/smoke.png
16:08:05.916 [FXGL Background Thread 1 ] DEBUG FXGL.DefaultMenu     - createMenuBodyGameMenu()
16:08:05.919 [FXGL Background Thread 1 ] DEBUG FXGL.DefaultMenu     - createOptionsMenu()
16:08:05.961 [FXGL Background Thread 1 ] DEBUG GameApplicationServi - Application scenes initialized
16:08:05.975 [FXGL Background Thread 1 ] DEBUG SystemBundleService  - Loading FXGL system data
16:08:05.983 [FXGL Background Thread 1 ] DEBUG FileSystemAccess     - Reading from: /Users/gupta/Desktop/Java Projects/Madden Game/system/fxgl.bundle
16:08:05.990 [FXGL Background Thread 1 ] DEBUG SystemBundleService  - Bundle FXGL: {}
16:08:05.991 [FXGL Background Thread 1 ] DEBUG UpdaterService       - Checking for updates
16:08:05.997 [FXGL Background Thread 4 ] DEBUG FXGLApplication      - Loading fonts
16:08:05.998 [FXGL Background Thread 1 ] DEBUG FXGLApplication      - Loading default localization
16:08:06.001 [FXGL Background Thread 1 ] DEBUG FXGLAssetLoaderServi - Loading from file system: jar:file:/Users/gupta/.m2/repository/com/github/almasb/fxgl/dev-SNAPSHOT/fxgl-dev-20210308.180623-1701.jar!/fxglassets/languages/english.lang
16:08:06.001 [FXGL Background Thread 4 ] DEBUG FXGLAssetLoaderServi - Loading from file system: jar:file:/Users/gupta/.m2/repository/com/github/almasb/fxgl/dev-SNAPSHOT/fxgl-dev-20210308.180623-1701.jar!/fxglassets/ui/fonts/VarelaRound-Regular.ttf
16:08:06.036 [FXGL Background Thread 4 ] DEBUG FXGLAssetLoaderServi - Loading from file system: jar:file:/Users/gupta/.m2/repository/com/github/almasb/fxgl/dev-SNAPSHOT/fxgl-dev-20210308.180623-1701.jar!/fxglassets/ui/fonts/Abel-Regular.ttf
16:08:06.038 [FXGL Background Thread 1 ] INFO  FXGLApplication      - FXGL initialization took: 0.906 sec
16:08:06.044 [FXGL Background Thread 4 ] DEBUG FXGLAssetLoaderServi - Loading from file system: jar:file:/Users/gupta/.m2/repository/com/github/almasb/fxgl/dev-SNAPSHOT/fxgl-dev-20210308.180623-1701.jar!/fxglassets/ui/fonts/lucida_console.ttf
16:08:06.049 [JavaFX Application Thread] DEBUG Input                - Registered new binding: action0 - Left
16:08:06.052 [FXGL Background Thread 4 ] DEBUG FXGLAssetLoaderServi - Loading from file system: jar:file:/Users/gupta/.m2/repository/com/github/almasb/fxgl/dev-SNAPSHOT/fxgl-dev-20210308.180623-1701.jar!/fxglassets/ui/fonts/Courier-Prime.ttf
16:08:06.054 [JavaFX Application Thread] DEBUG Input                - Registered new binding: action1 - Right
16:08:06.054 [JavaFX Application Thread] DEBUG Input                - Registered new binding: action2 - Up
16:08:06.055 [JavaFX Application Thread] DEBUG Input                - Registered new binding: action3 - Down
16:08:06.063 [JavaFX Application Thread] DEBUG FXGLAssetLoaderServi - Loading from file system: jar:file:/Users/gupta/.m2/repository/com/github/almasb/fxgl/dev-SNAPSHOT/fxgl-dev-20210308.180623-1701.jar!/fxglassets/textures/fxgl_icon.png
16:08:06.153 [JavaFX Application Thread] DEBUG FXGLAssetLoaderServi - Loading from file system: jar:file:/Users/gupta/.m2/repository/com/github/almasb/fxgl/dev-SNAPSHOT/fxgl-dev-20210308.180623-1701.jar!/fxglassets/ui/cursors/fxgl_default.png
16:08:06.163 [JavaFX Application Thread] DEBUG Input                - Registered new binding: Screenshot - P
16:08:06.165 [JavaFX Application Thread] DEBUG Input                - Registered new binding: System info dump - CTRL+9
16:08:06.166 [JavaFX Application Thread] DEBUG Input                - Registered new binding: Restart - CTRL+R
16:08:06.167 [JavaFX Application Thread] DEBUG Input                - Registered new binding: Toggle Debug Camera - CTRL+C
16:08:06.171 [JavaFX Application Thread] DEBUG LoopRunner           - Starting loop
16:08:06.171 [JavaFX Application Thread] DEBUG LoopRunner           - Initializing JavaFX AnimationTimerLoop
16:08:06.175 [JavaFX Application Thread] DEBUG Input                - Clearing active input actions
16:08:06.242 [JavaFX Application Thread] DEBUG GameApplicationServi - Removing overlay from FXGLStartupScene and adding to FXGLMainMenuDummyScene
16:08:06.244 [JavaFX Application Thread] DEBUG PrimaryStageWindow   - FXGLStartupScene -> FXGLMainMenuDummyScene
16:08:06.244 [JavaFX Application Thread] DEBUG PrimaryStageWindow   - Push state: FXGLDefaultMenu
16:08:06.249 [JavaFX Application Thread] DEBUG Input                - Clearing active input actions
16:08:06.269 [JavaFX Application Thread] DEBUG GameApplicationServi - Removing overlay from FXGLMainMenuDummyScene and adding to FXGLDefaultMenu
16:08:06.271 [JavaFX Application Thread] DEBUG PrimaryStageWindow   - FXGLMainMenuDummyScene -> FXGLDefaultMenu
16:08:06.293 [JavaFX Application Thread] DEBUG FXGLApplication      - Registering font factories with UI factory
16:08:07.007 [FXGL Background Thread 2 ] INFO  UpdaterService       - Your current version:  dev-SNAPSHOT
16:08:07.018 [FXGL Background Thread 2 ] INFO  UpdaterService       - Latest stable version: 11.14
16:08:08.997 [FXGL Background Thread 3 ] DEBUG Engine               - Logging environment variables
16:08:09.000 [FXGL Background Thread 3 ] DEBUG Engine               - achievements: []
16:08:09.000 [FXGL Background Thread 3 ] DEBUG Engine               - actualHeight: 720.0
16:08:09.000 [FXGL Background Thread 3 ] DEBUG Engine               - actualHeightProperty: ReadOnlyDoubleProperty [value: 720.0]
16:08:09.000 [FXGL Background Thread 3 ] DEBUG Engine               - actualWidth: 1280.0
16:08:09.000 [FXGL Background Thread 3 ] DEBUG Engine               - actualWidthProperty: ReadOnlyDoubleProperty [value: 1280.0]
16:08:09.001 [FXGL Background Thread 3 ] DEBUG Engine               - appIcon: fxgl_icon.png
16:08:09.001 [FXGL Background Thread 3 ] DEBUG Engine               - applicationMode: DEVELOPER
16:08:09.001 [FXGL Background Thread 3 ] DEBUG Engine               - cSSList: [fxgl_dark.css]
16:08:09.001 [FXGL Background Thread 3 ] DEBUG Engine               - collisionDetectionStrategy: BRUTE_FORCE
16:08:09.002 [FXGL Background Thread 3 ] DEBUG Engine               - configClass: Optional.empty
16:08:09.002 [FXGL Background Thread 3 ] DEBUG Engine               - credits: []
16:08:09.018 [FXGL Background Thread 3 ] DEBUG Engine               - devBBoxColorProperty: ObjectProperty [value: 0xff0000ff]
16:08:09.019 [FXGL Background Thread 3 ] DEBUG Engine               - devEnableDebugCameraProperty: BooleanProperty [value: false]
16:08:09.019 [FXGL Background Thread 3 ] DEBUG Engine               - devSensorColorProperty: ObjectProperty [value: 0xffff00ff]
16:08:09.020 [FXGL Background Thread 3 ] DEBUG Engine               - devShowBBoxProperty: BooleanProperty [value: false]
16:08:09.020 [FXGL Background Thread 3 ] DEBUG Engine               - devShowPositionProperty: BooleanProperty [value: false]
16:08:09.020 [FXGL Background Thread 3 ] DEBUG Engine               - enabledMenuItems: []
16:08:09.020 [FXGL Background Thread 3 ] DEBUG Engine               - engineServices: [class com.almasb.fxgl.app.services.FXGLAssetLoaderService, class com.almasb.fxgl.app.FXGLApplication$GameApplicationService, class com.almasb.fxgl.app.services.FXGLDialogService, class com.almasb.fxgl.app.services.IOTaskExecutorService, class com.almasb.fxgl.event.EventBusService, class com.almasb.fxgl.io.FileSystemService, class com.almasb.fxgl.localization.LocalizationService, class com.almasb.fxgl.app.services.SystemBundleService, class com.almasb.fxgl.profile.SaveLoadService, class com.almasb.fxgl.ui.FXGLUIFactoryServiceProvider, class com.almasb.fxgl.ui.FXGLDialogFactoryServiceProvider, class com.almasb.fxgl.audio.AudioPlayer, class com.almasb.fxgl.notification.impl.NotificationServiceProvider, class com.almasb.fxgl.achievement.AchievementService, class com.almasb.fxgl.cutscene.CutsceneService, class com.almasb.fxgl.minigames.MiniGameService, class com.almasb.fxgl.net.NetService, class com.almasb.fxgl.app.services.UpdaterService, class com.almasb.fxgl.dev.DevService]
16:08:09.020 [FXGL Background Thread 3 ] DEBUG Engine               - fontGame: Abel-Regular.ttf
16:08:09.020 [FXGL Background Thread 3 ] DEBUG Engine               - fontMono: lucida_console.ttf
16:08:09.020 [FXGL Background Thread 3 ] DEBUG Engine               - fontText: Courier-Prime.ttf
16:08:09.020 [FXGL Background Thread 3 ] DEBUG Engine               - fontUI: VarelaRound-Regular.ttf
16:08:09.020 [FXGL Background Thread 3 ] DEBUG Engine               - fullScreen: BooleanProperty [value: false]
16:08:09.020 [FXGL Background Thread 3 ] DEBUG Engine               - gameDifficulty: MEDIUM
16:08:09.020 [FXGL Background Thread 3 ] DEBUG Engine               - gameDifficultyProperty: ObjectProperty [value: MEDIUM]
16:08:09.020 [FXGL Background Thread 3 ] DEBUG Engine               - globalMusicVolume: 0.5
16:08:09.020 [FXGL Background Thread 3 ] DEBUG Engine               - globalMusicVolumeProperty: DoubleProperty [value: 0.5]
16:08:09.020 [FXGL Background Thread 3 ] DEBUG Engine               - globalSoundVolume: 0.5
16:08:09.021 [FXGL Background Thread 3 ] DEBUG Engine               - globalSoundVolumeProperty: DoubleProperty [value: 0.5]
16:08:09.021 [FXGL Background Thread 3 ] DEBUG Engine               - height: 720
16:08:09.021 [FXGL Background Thread 3 ] DEBUG Engine               - isAndroid: false
16:08:09.021 [FXGL Background Thread 3 ] DEBUG Engine               - isBrowser: false
16:08:09.021 [FXGL Background Thread 3 ] DEBUG Engine               - isClickFeedbackEnabled: false
16:08:09.021 [FXGL Background Thread 3 ] DEBUG Engine               - isCloseConfirmation: false
16:08:09.021 [FXGL Background Thread 3 ] DEBUG Engine               - isDesktop: true
16:08:09.021 [FXGL Background Thread 3 ] DEBUG Engine               - isDeveloperMenuEnabled: false
16:08:09.021 [FXGL Background Thread 3 ] DEBUG Engine               - isEntityPreloadEnabled: true
16:08:09.021 [FXGL Background Thread 3 ] DEBUG Engine               - isExperimental3D: false
16:08:09.021 [FXGL Background Thread 3 ] DEBUG Engine               - isExperimentalNative: false
16:08:09.021 [FXGL Background Thread 3 ] DEBUG Engine               - isExperimentalTiledLargeMap: false
16:08:09.021 [FXGL Background Thread 3 ] DEBUG Engine               - isFileSystemWriteAllowed: true
16:08:09.021 [FXGL Background Thread 3 ] DEBUG Engine               - isFullScreenAllowed: false
16:08:09.032 [FXGL Background Thread 3 ] DEBUG Engine               - isFullScreenFromStart: false
16:08:09.033 [FXGL Background Thread 3 ] DEBUG Engine               - isGameMenuEnabled: true
16:08:09.033 [FXGL Background Thread 3 ] DEBUG Engine               - isIOS: false
16:08:09.034 [FXGL Background Thread 3 ] DEBUG Engine               - isIntroEnabled: false
16:08:09.034 [FXGL Background Thread 3 ] DEBUG Engine               - isLinux: false
16:08:09.034 [FXGL Background Thread 3 ] DEBUG Engine               - isMac: true
16:08:09.035 [FXGL Background Thread 3 ] DEBUG Engine               - isMainMenuEnabled: true
16:08:09.035 [FXGL Background Thread 3 ] DEBUG Engine               - isManualResizeEnabled: false
16:08:09.035 [FXGL Background Thread 3 ] DEBUG Engine               - isMobile: false
16:08:09.035 [FXGL Background Thread 3 ] DEBUG Engine               - isPreserveResizeRatio: false
16:08:09.036 [FXGL Background Thread 3 ] DEBUG Engine               - isProfilingEnabled: false
16:08:09.036 [FXGL Background Thread 3 ] DEBUG Engine               - isScaleAffectedOnResize: true
16:08:09.036 [FXGL Background Thread 3 ] DEBUG Engine               - isSingleStep: false
16:08:09.036 [FXGL Background Thread 3 ] DEBUG Engine               - isUserProfileEnabled: false
16:08:09.036 [FXGL Background Thread 3 ] DEBUG Engine               - isWindows: false
16:08:09.037 [FXGL Background Thread 3 ] DEBUG Engine               - language: ObjectProperty [value: ENGLISH]
16:08:09.039 [FXGL Background Thread 3 ] DEBUG Engine               - menuKey: ESCAPE
16:08:09.044 [FXGL Background Thread 3 ] DEBUG Engine               - notificationViewClass: class com.almasb.fxgl.notification.view.XboxNotificationView
16:08:09.044 [FXGL Background Thread 3 ] DEBUG Engine               - pixelsPerMeter: 50.0
16:08:09.044 [FXGL Background Thread 3 ] DEBUG Engine               - platform: MAC
16:08:09.044 [FXGL Background Thread 3 ] DEBUG Engine               - prefHeightProperty: ReadOnlyDoubleProperty [value: 720.0]
16:08:09.044 [FXGL Background Thread 3 ] DEBUG Engine               - prefWidthProperty: ReadOnlyDoubleProperty [value: 1280.0]
16:08:09.044 [FXGL Background Thread 3 ] DEBUG Engine               - profileDir: profiles/
16:08:09.045 [FXGL Background Thread 3 ] DEBUG Engine               - profileName: StringProperty [value: DEFAULT]
16:08:09.045 [FXGL Background Thread 3 ] DEBUG Engine               - randomSeed: -1
16:08:09.045 [FXGL Background Thread 3 ] DEBUG Engine               - runtimeInfo: RuntimeInfo(platform=MAC, version=dev-SNAPSHOT, build=08.03.2021 18.05)
16:08:09.045 [FXGL Background Thread 3 ] DEBUG Engine               - saveFileExt: sav
16:08:09.045 [FXGL Background Thread 3 ] DEBUG Engine               - scaledHeightProp$fxgl: DoubleProperty [bound, value: 720.0]
16:08:09.045 [FXGL Background Thread 3 ] DEBUG Engine               - scaledWidthProp$fxgl: DoubleProperty [bound, value: 1280.0]
16:08:09.045 [FXGL Background Thread 3 ] DEBUG Engine               - sceneFactory: com.almasb.fxgl.app.scene.SceneFactory@1504b7f9
16:08:09.045 [FXGL Background Thread 3 ] DEBUG Engine               - secondsIn24h: 60
16:08:09.045 [FXGL Background Thread 3 ] DEBUG Engine               - soundMenuBack: menu/back.wav
16:08:09.045 [FXGL Background Thread 3 ] DEBUG Engine               - soundMenuPress: menu/press.wav
16:08:09.045 [FXGL Background Thread 3 ] DEBUG Engine               - soundMenuSelect: menu/select.wav
16:08:09.045 [FXGL Background Thread 3 ] DEBUG Engine               - soundNotification: core/notification.wav
16:08:09.045 [FXGL Background Thread 3 ] DEBUG Engine               - stageStyle: DECORATED
16:08:09.045 [FXGL Background Thread 3 ] DEBUG Engine               - supportedLanguages: [ENGLISH, FRENCH, GERMAN, HUNGARIAN, RUSSIAN]
16:08:09.045 [FXGL Background Thread 3 ] DEBUG Engine               - ticksPerSecond: -1
16:08:09.045 [FXGL Background Thread 3 ] DEBUG Engine               - title: Touchdown Mania
16:08:09.045 [FXGL Background Thread 3 ] DEBUG Engine               - urlGithub: https://github.com/AlmasB/FXGL
16:08:09.045 [FXGL Background Thread 3 ] DEBUG Engine               - urlLeaderboard: http://fxgl-top.herokuapp.com/
16:08:09.045 [FXGL Background Thread 3 ] DEBUG Engine               - urlPOM: https://raw.githubusercontent.com/AlmasB/FXGL/release/README.md
16:08:09.046 [FXGL Background Thread 3 ] DEBUG Engine               - userAppClass: class Game
16:08:09.046 [FXGL Background Thread 3 ] DEBUG Engine               - version: 0.1
16:08:09.046 [FXGL Background Thread 3 ] DEBUG Engine               - versionCheckDays: 7
16:08:09.046 [FXGL Background Thread 3 ] DEBUG Engine               - width: 1280
16:08:09.046 [FXGL Background Thread 3 ] DEBUG Engine               - Logging services
16:08:09.046 [FXGL Background Thread 3 ] DEBUG Engine               - class com.almasb.fxgl.app.services.FXGLAssetLoaderService
16:08:09.046 [FXGL Background Thread 3 ] DEBUG Engine               - class com.almasb.fxgl.app.FXGLApplication$GameApplicationService
16:08:09.046 [FXGL Background Thread 3 ] DEBUG Engine               - class com.almasb.fxgl.app.services.FXGLDialogService
16:08:09.046 [FXGL Background Thread 3 ] DEBUG Engine               - class com.almasb.fxgl.app.services.IOTaskExecutorService
16:08:09.046 [FXGL Background Thread 3 ] DEBUG Engine               - class com.almasb.fxgl.event.EventBusService
16:08:09.046 [FXGL Background Thread 3 ] DEBUG Engine               - class com.almasb.fxgl.io.FileSystemService
16:08:09.046 [FXGL Background Thread 3 ] DEBUG Engine               - class com.almasb.fxgl.localization.LocalizationService
16:08:09.046 [FXGL Background Thread 3 ] DEBUG Engine               - class com.almasb.fxgl.app.services.SystemBundleService
16:08:09.046 [FXGL Background Thread 3 ] DEBUG Engine               - class com.almasb.fxgl.profile.SaveLoadService
16:08:09.047 [FXGL Background Thread 3 ] DEBUG Engine               - class com.almasb.fxgl.ui.FXGLUIFactoryServiceProvider
16:08:09.047 [FXGL Background Thread 3 ] DEBUG Engine               - class com.almasb.fxgl.ui.FXGLDialogFactoryServiceProvider
16:08:09.047 [FXGL Background Thread 3 ] DEBUG Engine               - class com.almasb.fxgl.audio.AudioPlayer
16:08:09.047 [FXGL Background Thread 3 ] DEBUG Engine               - class com.almasb.fxgl.notification.impl.NotificationServiceProvider
16:08:09.047 [FXGL Background Thread 3 ] DEBUG Engine               - class com.almasb.fxgl.achievement.AchievementService
16:08:09.047 [FXGL Background Thread 3 ] DEBUG Engine               - class com.almasb.fxgl.cutscene.CutsceneService
16:08:09.047 [FXGL Background Thread 3 ] DEBUG Engine               - class com.almasb.fxgl.minigames.MiniGameService
16:08:09.047 [FXGL Background Thread 3 ] DEBUG Engine               - class com.almasb.fxgl.net.NetService
16:08:09.053 [FXGL Background Thread 3 ] DEBUG Engine               - class com.almasb.fxgl.app.services.UpdaterService
16:08:09.053 [FXGL Background Thread 3 ] DEBUG Engine               - class com.almasb.fxgl.dev.DevService
16:08:10.878 [JavaFX Application Thread] DEBUG Menu                 - fireNewGame()
16:08:10.881 [JavaFX Application Thread] DEBUG GameApplicationServi - Starting new game
16:08:10.883 [JavaFX Application Thread] DEBUG PrimaryStageWindow   - Pop state: FXGLDefaultMenu
16:08:10.883 [JavaFX Application Thread] DEBUG Input                - Clearing active input actions
16:08:10.888 [JavaFX Application Thread] DEBUG GameApplicationServi - Removing overlay from FXGLDefaultMenu and adding to FXGLMainMenuDummyScene
16:08:10.891 [JavaFX Application Thread] DEBUG PrimaryStageWindow   - FXGLMainMenuDummyScene <- FXGLDefaultMenu
16:08:10.893 [JavaFX Application Thread] DEBUG Input                - Clearing active input actions
16:08:10.935 [JavaFX Application Thread] DEBUG GameApplicationServi - Removing overlay from FXGLMainMenuDummyScene and adding to FXGLLoadingScene
16:08:10.936 [JavaFX Application Thread] DEBUG PrimaryStageWindow   - FXGLMainMenuDummyScene -> FXGLLoadingScene
16:08:10.937 [JavaFX Application Thread] DEBUG GameApplicationServi - Clearing previous game
16:08:10.937 [JavaFX Application Thread] DEBUG GameScene            - Clearing game scene
16:08:10.937 [JavaFX Application Thread] DEBUG GameWorld            - Clearing game world
16:08:10.937 [JavaFX Application Thread] DEBUG PhysicsWorld         - Clearing physics world
16:08:10.939 [FXGL Background Thread 2 ] DEBUG FXGLApplication      - Initializing game
16:08:10.962 [FXGL Background Thread 2 ] DEBUG FXGLAssetLoaderServi - Loading from file system: file:/Users/gupta/Desktop/Java%20Projects/Madden%20Game/target/classes/assets/textures/fieldBackground.jpg
16:08:11.040 [FXGL Background Thread 2 ] DEBUG FXGLAssetLoaderServi - Loading from file system: file:/Users/gupta/Desktop/Java%20Projects/Madden%20Game/target/classes/assets/textures/footballSpritesLeft.png
16:08:11.047 [FXGL Background Thread 2 ] DEBUG FXGLAssetLoaderServi - Loading from file system: file:/Users/gupta/Desktop/Java%20Projects/Madden%20Game/target/classes/assets/textures/footballSpritesUP.png
16:08:11.054 [FXGL Background Thread 2 ] DEBUG FXGLAssetLoaderServi - Loading from file system: file:/Users/gupta/Desktop/Java%20Projects/Madden%20Game/target/classes/assets/textures/footballSpritesDown.png
16:08:11.067 [FXGL Background Thread 2 ] DEBUG FXGLAssetLoaderServi - Loading from file system: file:/Users/gupta/Desktop/Java%20Projects/Madden%20Game/target/classes/assets/textures/footballSpritesRight%202.png
16:08:11.071 [FXGL Background Thread 2 ] DEBUG FXGLAssetLoaderServi - Loading from file system: file:/Users/gupta/Desktop/Java%20Projects/Madden%20Game/target/classes/assets/textures/footballSpritesUP%202.png
16:08:11.075 [FXGL Background Thread 2 ] DEBUG FXGLAssetLoaderServi - Loading from file system: file:/Users/gupta/Desktop/Java%20Projects/Madden%20Game/target/classes/assets/textures/footballSpritesDown%202.png
16:08:11.103 [FXGL Background Thread 2 ] DEBUG FXGLAssetLoaderServi - Loading from file system: file:/Users/gupta/Desktop/Java%20Projects/Madden%20Game/target/classes/assets/textures/football.png
16:08:11.356 [FXGL Background Thread 2 ] INFO  FXGLApplication      - Game initialization took: 0.413 sec
16:08:11.363 [JavaFX Application Thread] DEBUG Input                - Clearing active input actions
16:08:11.420 [JavaFX Application Thread] DEBUG GameApplicationServi - Removing overlay from FXGLLoadingScene and adding to GameScene
16:08:11.423 [JavaFX Application Thread] DEBUG PrimaryStageWindow   - FXGLLoadingScene -> GameScene
16:09:59.082 [JavaFX Application Thread] DEBUG FXGLApplication      - Exiting FXGL
16:09:59.088 [JavaFX Application Thread] DEBUG LoopRunner           - Stopping loop
16:09:59.088 [JavaFX Application Thread] DEBUG SystemBundleService  - Saving FXGL system data
16:09:59.096 [JavaFX Application Thread] DEBUG FileSystemAccess     - Writing to: /Users/gupta/Desktop/Java Projects/Madden Game/system/fxgl.bundle
16:09:59.104 [JavaFX Application Thread] DEBUG Async                - Shutting down background threads
16:09:59.105 [JavaFX Application Thread] DEBUG PrimaryStageWindow   - Closing main window
16:09:59.125 [JavaFX Application Thread] DEBUG Logger               - Closing Logger
