16:12:35.223 [main                     ] DEBUG Logger               - Configured Logger
16:12:35.230 [main                     ] DEBUG GameApplication      - Logging settings
Title: Touchdown Mania
Version: 0.1
Width: 1280
Height: 720
Fullscreen: false
Intro: false
Profiling: false
Single step:false
App Mode: DEVELOPER
Menu Key: ESCAPE
Stage Style: DECORATED
Scene Factory: class com.almasb.fxgl.app.scene.SceneFactory

16:12:35.603 [JavaFX Application Thread] DEBUG FXGLApplication      - Initializing FXGL
16:12:35.615 [JavaFX Application Thread] INFO  Engine               - FXGL-dev-SNAPSHOT (08.03.2021 18.05) on MAC (J:14.0.2 FX:15)
16:12:35.615 [JavaFX Application Thread] DEBUG Engine               - JRE Vendor Name: AdoptOpenJDK
16:12:35.615 [JavaFX Application Thread] DEBUG Engine               - Running on OS: Mac OS X version 10.16
16:12:35.616 [JavaFX Application Thread] DEBUG Engine               - Architecture: x86_64
16:12:35.616 [JavaFX Application Thread] INFO  Engine               - Source code and latest versions at: https://github.com/AlmasB/FXGL
16:12:35.616 [JavaFX Application Thread] INFO  Engine               -              Join the FXGL chat at: https://gitter.im/AlmasB/FXGL
16:12:35.732 [JavaFX Application Thread] DEBUG PrimaryStageWindow   - Creating a JavaFX scene
16:12:35.787 [JavaFX Application Thread] DEBUG PrimaryStageWindow   - Target settings size: 1280.0 x 720.0
16:12:35.788 [JavaFX Application Thread] DEBUG PrimaryStageWindow   - Scaled scene size:    1280.0 x 720.0
16:12:35.789 [JavaFX Application Thread] DEBUG PrimaryStageWindow   - Scaled ratio: (1.0, 1.0)
16:12:35.790 [JavaFX Application Thread] DEBUG PrimaryStageWindow   - Set initial scene to FXGLStartupScene
16:12:35.794 [JavaFX Application Thread] DEBUG PrimaryStageWindow   - Opening main window
16:12:35.882 [JavaFX Application Thread] DEBUG PrimaryStageWindow   - Window border size: (0.0, 28.0)
16:12:35.882 [JavaFX Application Thread] DEBUG PrimaryStageWindow   - Scaled size: 1280.0 x 720.0
16:12:35.882 [JavaFX Application Thread] DEBUG PrimaryStageWindow   - Scaled ratio: (1.0, 1.0)
16:12:35.882 [JavaFX Application Thread] DEBUG PrimaryStageWindow   - Scene size: 1280.0 x 720.0
16:12:35.882 [JavaFX Application Thread] DEBUG PrimaryStageWindow   - Stage size: 1280.0 x 748.0
16:12:35.889 [FXGL Background Thread 1 ] DEBUG Engine               - Initializing environment variables
16:12:36.041 [FXGL Background Thread 1 ] DEBUG FXGLAssetLoaderServi - User app class for loading assets: class Game
16:12:36.043 [FXGL Background Thread 1 ] DEBUG GameApplicationServi - Applying CSS: fxgl_dark.css
16:12:36.044 [FXGL Background Thread 1 ] DEBUG FXGLAssetLoaderServi - Loading from file system: jar:file:/Users/gupta/.m2/repository/com/github/almasb/fxgl/dev-SNAPSHOT/fxgl-dev-20210308.180623-1701.jar!/fxglassets/ui/css/fxgl_dark.css
16:12:36.155 [FXGL Background Thread 1 ] DEBUG GameApplicationServi - Initializing application scenes
16:12:36.499 [FXGL Background Thread 1 ] DEBUG GameWorld            - Game world initialized
16:12:36.544 [FXGL Background Thread 1 ] DEBUG PhysicsWorld         - Physics world initialized: appHeight=720, physics.ppm=50.0
16:12:36.545 [FXGL Background Thread 1 ] DEBUG PhysicsWorld         - Using strategy: BRUTE_FORCE
16:12:36.553 [FXGL Background Thread 1 ] DEBUG GameScene            - Game scene initialized: 1280x720
16:12:36.603 [FXGL Background Thread 1 ] DEBUG FXGLAssetLoaderServi - Loading from file system: jar:file:/Users/gupta/.m2/repository/com/github/almasb/fxgl/dev-SNAPSHOT/fxgl-dev-20210308.180623-1701.jar!/fxglassets/textures/particles/trace_horizontal.png
16:12:36.653 [FXGL Background Thread 1 ] DEBUG FXGL.DefaultMenu     - createMenuBodyMainMenu()
16:12:36.667 [FXGL Background Thread 1 ] DEBUG FXGL.DefaultMenu     - createOptionsMenu()
16:12:36.674 [FXGL Background Thread 1 ] DEBUG FXGLAssetLoaderServi - Loading from file system: jar:file:/Users/gupta/.m2/repository/com/github/almasb/fxgl/dev-SNAPSHOT/fxgl-dev-20210308.180623-1701.jar!/fxglassets/textures/particles/smoke.png
16:12:36.777 [FXGL Background Thread 1 ] DEBUG FXGL.DefaultMenu     - createMenuBodyGameMenu()
16:12:36.781 [FXGL Background Thread 1 ] DEBUG FXGL.DefaultMenu     - createOptionsMenu()
16:12:36.845 [FXGL Background Thread 1 ] DEBUG GameApplicationServi - Application scenes initialized
16:12:36.871 [FXGL Background Thread 1 ] DEBUG SystemBundleService  - Loading FXGL system data
16:12:36.881 [FXGL Background Thread 1 ] DEBUG FileSystemAccess     - Reading from: /Users/gupta/Desktop/Java Projects/Madden Game/system/fxgl.bundle
16:12:36.899 [FXGL Background Thread 1 ] DEBUG SystemBundleService  - Bundle FXGL: {}
16:12:36.900 [FXGL Background Thread 1 ] DEBUG UpdaterService       - Checking for updates
16:12:36.920 [FXGL Background Thread 4 ] DEBUG FXGLApplication      - Loading fonts
16:12:36.921 [FXGL Background Thread 1 ] DEBUG FXGLApplication      - Loading default localization
16:12:36.935 [FXGL Background Thread 4 ] DEBUG FXGLAssetLoaderServi - Loading from file system: jar:file:/Users/gupta/.m2/repository/com/github/almasb/fxgl/dev-SNAPSHOT/fxgl-dev-20210308.180623-1701.jar!/fxglassets/ui/fonts/VarelaRound-Regular.ttf
16:12:36.935 [FXGL Background Thread 1 ] DEBUG FXGLAssetLoaderServi - Loading from file system: jar:file:/Users/gupta/.m2/repository/com/github/almasb/fxgl/dev-SNAPSHOT/fxgl-dev-20210308.180623-1701.jar!/fxglassets/languages/english.lang
16:12:36.994 [FXGL Background Thread 1 ] INFO  FXGLApplication      - FXGL initialization took: 1.097 sec
16:12:37.004 [FXGL Background Thread 4 ] DEBUG FXGLAssetLoaderServi - Loading from file system: jar:file:/Users/gupta/.m2/repository/com/github/almasb/fxgl/dev-SNAPSHOT/fxgl-dev-20210308.180623-1701.jar!/fxglassets/ui/fonts/Abel-Regular.ttf
16:12:37.008 [JavaFX Application Thread] DEBUG Input                - Registered new binding: action0 - Left
16:12:37.009 [JavaFX Application Thread] DEBUG Input                - Registered new binding: action1 - Right
16:12:37.010 [JavaFX Application Thread] DEBUG Input                - Registered new binding: action2 - Up
16:12:37.011 [JavaFX Application Thread] DEBUG Input                - Registered new binding: action3 - Down
16:12:37.012 [JavaFX Application Thread] DEBUG FXGLAssetLoaderServi - Loading from file system: jar:file:/Users/gupta/.m2/repository/com/github/almasb/fxgl/dev-SNAPSHOT/fxgl-dev-20210308.180623-1701.jar!/fxglassets/textures/fxgl_icon.png
16:12:37.015 [FXGL Background Thread 4 ] DEBUG FXGLAssetLoaderServi - Loading from file system: jar:file:/Users/gupta/.m2/repository/com/github/almasb/fxgl/dev-SNAPSHOT/fxgl-dev-20210308.180623-1701.jar!/fxglassets/ui/fonts/lucida_console.ttf
16:12:37.035 [FXGL Background Thread 4 ] DEBUG FXGLAssetLoaderServi - Loading from file system: jar:file:/Users/gupta/.m2/repository/com/github/almasb/fxgl/dev-SNAPSHOT/fxgl-dev-20210308.180623-1701.jar!/fxglassets/ui/fonts/Courier-Prime.ttf
16:12:37.066 [JavaFX Application Thread] DEBUG FXGLAssetLoaderServi - Loading from file system: jar:file:/Users/gupta/.m2/repository/com/github/almasb/fxgl/dev-SNAPSHOT/fxgl-dev-20210308.180623-1701.jar!/fxglassets/ui/cursors/fxgl_default.png
16:12:37.071 [JavaFX Application Thread] DEBUG Input                - Registered new binding: Screenshot - P
16:12:37.072 [JavaFX Application Thread] DEBUG Input                - Registered new binding: System info dump - CTRL+9
16:12:37.072 [JavaFX Application Thread] DEBUG Input                - Registered new binding: Restart - CTRL+R
16:12:37.072 [JavaFX Application Thread] DEBUG Input                - Registered new binding: Toggle Debug Camera - CTRL+C
16:12:37.075 [JavaFX Application Thread] DEBUG LoopRunner           - Starting loop
16:12:37.075 [JavaFX Application Thread] DEBUG LoopRunner           - Initializing JavaFX AnimationTimerLoop
16:12:37.082 [JavaFX Application Thread] DEBUG Input                - Clearing active input actions
16:12:37.163 [JavaFX Application Thread] DEBUG GameApplicationServi - Removing overlay from FXGLStartupScene and adding to FXGLMainMenuDummyScene
16:12:37.166 [JavaFX Application Thread] DEBUG PrimaryStageWindow   - FXGLStartupScene -> FXGLMainMenuDummyScene
16:12:37.166 [JavaFX Application Thread] DEBUG PrimaryStageWindow   - Push state: FXGLDefaultMenu
16:12:37.170 [JavaFX Application Thread] DEBUG Input                - Clearing active input actions
16:12:37.184 [JavaFX Application Thread] DEBUG GameApplicationServi - Removing overlay from FXGLMainMenuDummyScene and adding to FXGLDefaultMenu
16:12:37.186 [JavaFX Application Thread] DEBUG PrimaryStageWindow   - FXGLMainMenuDummyScene -> FXGLDefaultMenu
16:12:37.235 [JavaFX Application Thread] DEBUG FXGLApplication      - Registering font factories with UI factory
16:12:37.881 [FXGL Background Thread 2 ] INFO  UpdaterService       - Your current version:  dev-SNAPSHOT
16:12:37.898 [FXGL Background Thread 2 ] INFO  UpdaterService       - Latest stable version: 11.14
16:12:39.328 [JavaFX Application Thread] DEBUG Menu                 - fireNewGame()
16:12:39.329 [JavaFX Application Thread] DEBUG GameApplicationServi - Starting new game
16:12:39.330 [JavaFX Application Thread] DEBUG PrimaryStageWindow   - Pop state: FXGLDefaultMenu
16:12:39.330 [JavaFX Application Thread] DEBUG Input                - Clearing active input actions
16:12:39.334 [JavaFX Application Thread] DEBUG GameApplicationServi - Removing overlay from FXGLDefaultMenu and adding to FXGLMainMenuDummyScene
16:12:39.335 [JavaFX Application Thread] DEBUG PrimaryStageWindow   - FXGLMainMenuDummyScene <- FXGLDefaultMenu
16:12:39.337 [JavaFX Application Thread] DEBUG Input                - Clearing active input actions
16:12:39.359 [JavaFX Application Thread] DEBUG GameApplicationServi - Removing overlay from FXGLMainMenuDummyScene and adding to FXGLLoadingScene
16:12:39.360 [JavaFX Application Thread] DEBUG PrimaryStageWindow   - FXGLMainMenuDummyScene -> FXGLLoadingScene
16:12:39.361 [JavaFX Application Thread] DEBUG GameApplicationServi - Clearing previous game
16:12:39.361 [JavaFX Application Thread] DEBUG GameScene            - Clearing game scene
16:12:39.361 [JavaFX Application Thread] DEBUG GameWorld            - Clearing game world
16:12:39.361 [JavaFX Application Thread] DEBUG PhysicsWorld         - Clearing physics world
16:12:39.362 [FXGL Background Thread 2 ] DEBUG FXGLApplication      - Initializing game
16:12:39.378 [FXGL Background Thread 2 ] DEBUG FXGLAssetLoaderServi - Loading from file system: file:/Users/gupta/Desktop/Java%20Projects/Madden%20Game/target/classes/assets/textures/fieldBackground.jpg
16:12:39.456 [FXGL Background Thread 2 ] DEBUG FXGLAssetLoaderServi - Loading from file system: file:/Users/gupta/Desktop/Java%20Projects/Madden%20Game/target/classes/assets/textures/footballSpritesLeft.png
16:12:39.463 [FXGL Background Thread 2 ] DEBUG FXGLAssetLoaderServi - Loading from file system: file:/Users/gupta/Desktop/Java%20Projects/Madden%20Game/target/classes/assets/textures/footballSpritesUP.png
16:12:39.466 [FXGL Background Thread 2 ] DEBUG FXGLAssetLoaderServi - Loading from file system: file:/Users/gupta/Desktop/Java%20Projects/Madden%20Game/target/classes/assets/textures/footballSpritesDown.png
16:12:39.470 [FXGL Background Thread 2 ] DEBUG FXGLAssetLoaderServi - Loading from file system: file:/Users/gupta/Desktop/Java%20Projects/Madden%20Game/target/classes/assets/textures/footballSpritesRight%202.png
16:12:39.487 [FXGL Background Thread 2 ] DEBUG FXGLAssetLoaderServi - Loading from file system: file:/Users/gupta/Desktop/Java%20Projects/Madden%20Game/target/classes/assets/textures/footballSpritesUP%202.png
16:12:39.491 [FXGL Background Thread 2 ] DEBUG FXGLAssetLoaderServi - Loading from file system: file:/Users/gupta/Desktop/Java%20Projects/Madden%20Game/target/classes/assets/textures/footballSpritesDown%202.png
16:12:39.537 [FXGL Background Thread 2 ] DEBUG FXGLAssetLoaderServi - Loading from file system: file:/Users/gupta/Desktop/Java%20Projects/Madden%20Game/target/classes/assets/textures/football.png
16:12:39.612 [FXGL Background Thread 2 ] INFO  FXGLApplication      - Game initialization took: 0.249 sec
16:12:39.613 [JavaFX Application Thread] DEBUG Input                - Clearing active input actions
16:12:39.680 [JavaFX Application Thread] DEBUG GameApplicationServi - Removing overlay from FXGLLoadingScene and adding to GameScene
16:12:39.682 [JavaFX Application Thread] DEBUG PrimaryStageWindow   - FXGLLoadingScene -> GameScene
16:12:39.919 [FXGL Background Thread 3 ] DEBUG Engine               - Logging environment variables
16:12:39.921 [FXGL Background Thread 3 ] DEBUG Engine               - achievements: []
16:12:39.921 [FXGL Background Thread 3 ] DEBUG Engine               - actualHeight: 720.0
16:12:39.921 [FXGL Background Thread 3 ] DEBUG Engine               - actualHeightProperty: ReadOnlyDoubleProperty [value: 720.0]
16:12:39.921 [FXGL Background Thread 3 ] DEBUG Engine               - actualWidth: 1280.0
16:12:39.922 [FXGL Background Thread 3 ] DEBUG Engine               - actualWidthProperty: ReadOnlyDoubleProperty [value: 1280.0]
16:12:39.922 [FXGL Background Thread 3 ] DEBUG Engine               - appIcon: fxgl_icon.png
16:12:39.922 [FXGL Background Thread 3 ] DEBUG Engine               - applicationMode: DEVELOPER
16:12:39.922 [FXGL Background Thread 3 ] DEBUG Engine               - cSSList: [fxgl_dark.css]
16:12:39.923 [FXGL Background Thread 3 ] DEBUG Engine               - collisionDetectionStrategy: BRUTE_FORCE
16:12:39.923 [FXGL Background Thread 3 ] DEBUG Engine               - configClass: Optional.empty
16:12:39.923 [FXGL Background Thread 3 ] DEBUG Engine               - credits: []
16:12:39.932 [FXGL Background Thread 3 ] DEBUG Engine               - devBBoxColorProperty: ObjectProperty [value: 0xff0000ff]
16:12:39.932 [FXGL Background Thread 3 ] DEBUG Engine               - devEnableDebugCameraProperty: BooleanProperty [value: false]
16:12:39.932 [FXGL Background Thread 3 ] DEBUG Engine               - devSensorColorProperty: ObjectProperty [value: 0xffff00ff]
16:12:39.932 [FXGL Background Thread 3 ] DEBUG Engine               - devShowBBoxProperty: BooleanProperty [value: false]
16:12:39.932 [FXGL Background Thread 3 ] DEBUG Engine               - devShowPositionProperty: BooleanProperty [value: false]
16:12:39.932 [FXGL Background Thread 3 ] DEBUG Engine               - enabledMenuItems: []
16:12:39.932 [FXGL Background Thread 3 ] DEBUG Engine               - engineServices: [class com.almasb.fxgl.app.services.FXGLAssetLoaderService, class com.almasb.fxgl.app.FXGLApplication$GameApplicationService, class com.almasb.fxgl.app.services.FXGLDialogService, class com.almasb.fxgl.app.services.IOTaskExecutorService, class com.almasb.fxgl.event.EventBusService, class com.almasb.fxgl.io.FileSystemService, class com.almasb.fxgl.localization.LocalizationService, class com.almasb.fxgl.app.services.SystemBundleService, class com.almasb.fxgl.profile.SaveLoadService, class com.almasb.fxgl.ui.FXGLUIFactoryServiceProvider, class com.almasb.fxgl.ui.FXGLDialogFactoryServiceProvider, class com.almasb.fxgl.audio.AudioPlayer, class com.almasb.fxgl.notification.impl.NotificationServiceProvider, class com.almasb.fxgl.achievement.AchievementService, class com.almasb.fxgl.cutscene.CutsceneService, class com.almasb.fxgl.minigames.MiniGameService, class com.almasb.fxgl.net.NetService, class com.almasb.fxgl.app.services.UpdaterService, class com.almasb.fxgl.dev.DevService]
16:12:39.932 [FXGL Background Thread 3 ] DEBUG Engine               - fontGame: Abel-Regular.ttf
16:12:39.932 [FXGL Background Thread 3 ] DEBUG Engine               - fontMono: lucida_console.ttf
16:12:39.933 [FXGL Background Thread 3 ] DEBUG Engine               - fontText: Courier-Prime.ttf
16:12:39.933 [FXGL Background Thread 3 ] DEBUG Engine               - fontUI: VarelaRound-Regular.ttf
16:12:39.933 [FXGL Background Thread 3 ] DEBUG Engine               - fullScreen: BooleanProperty [value: false]
16:12:39.933 [FXGL Background Thread 3 ] DEBUG Engine               - gameDifficulty: MEDIUM
16:12:39.933 [FXGL Background Thread 3 ] DEBUG Engine               - gameDifficultyProperty: ObjectProperty [value: MEDIUM]
16:12:39.933 [FXGL Background Thread 3 ] DEBUG Engine               - globalMusicVolume: 0.5
16:12:39.934 [FXGL Background Thread 3 ] DEBUG Engine               - globalMusicVolumeProperty: DoubleProperty [value: 0.5]
16:12:39.934 [FXGL Background Thread 3 ] DEBUG Engine               - globalSoundVolume: 0.5
16:12:39.934 [FXGL Background Thread 3 ] DEBUG Engine               - globalSoundVolumeProperty: DoubleProperty [value: 0.5]
16:12:39.934 [FXGL Background Thread 3 ] DEBUG Engine               - height: 720
16:12:39.934 [FXGL Background Thread 3 ] DEBUG Engine               - isAndroid: false
16:12:39.934 [FXGL Background Thread 3 ] DEBUG Engine               - isBrowser: false
16:12:39.934 [FXGL Background Thread 3 ] DEBUG Engine               - isClickFeedbackEnabled: false
16:12:39.934 [FXGL Background Thread 3 ] DEBUG Engine               - isCloseConfirmation: false
16:12:39.934 [FXGL Background Thread 3 ] DEBUG Engine               - isDesktop: true
16:12:39.934 [FXGL Background Thread 3 ] DEBUG Engine               - isDeveloperMenuEnabled: false
16:12:39.935 [FXGL Background Thread 3 ] DEBUG Engine               - isEntityPreloadEnabled: true
16:12:39.935 [FXGL Background Thread 3 ] DEBUG Engine               - isExperimental3D: false
16:12:39.936 [FXGL Background Thread 3 ] DEBUG Engine               - isExperimentalNative: false
16:12:39.939 [FXGL Background Thread 3 ] DEBUG Engine               - isExperimentalTiledLargeMap: false
16:12:39.939 [FXGL Background Thread 3 ] DEBUG Engine               - isFileSystemWriteAllowed: true
16:12:39.939 [FXGL Background Thread 3 ] DEBUG Engine               - isFullScreenAllowed: false
16:12:39.939 [FXGL Background Thread 3 ] DEBUG Engine               - isFullScreenFromStart: false
16:12:39.939 [FXGL Background Thread 3 ] DEBUG Engine               - isGameMenuEnabled: true
16:12:39.939 [FXGL Background Thread 3 ] DEBUG Engine               - isIOS: false
16:12:39.940 [FXGL Background Thread 3 ] DEBUG Engine               - isIntroEnabled: false
16:12:39.940 [FXGL Background Thread 3 ] DEBUG Engine               - isLinux: false
16:12:39.940 [FXGL Background Thread 3 ] DEBUG Engine               - isMac: true
16:12:39.940 [FXGL Background Thread 3 ] DEBUG Engine               - isMainMenuEnabled: true
16:12:39.940 [FXGL Background Thread 3 ] DEBUG Engine               - isManualResizeEnabled: false
16:12:39.940 [FXGL Background Thread 3 ] DEBUG Engine               - isMobile: false
16:12:39.940 [FXGL Background Thread 3 ] DEBUG Engine               - isPreserveResizeRatio: false
16:12:39.940 [FXGL Background Thread 3 ] DEBUG Engine               - isProfilingEnabled: false
16:12:39.940 [FXGL Background Thread 3 ] DEBUG Engine               - isScaleAffectedOnResize: true
16:12:39.940 [FXGL Background Thread 3 ] DEBUG Engine               - isSingleStep: false
16:12:39.940 [FXGL Background Thread 3 ] DEBUG Engine               - isUserProfileEnabled: false
16:12:39.940 [FXGL Background Thread 3 ] DEBUG Engine               - isWindows: false
16:12:39.940 [FXGL Background Thread 3 ] DEBUG Engine               - language: ObjectProperty [value: ENGLISH]
16:12:39.940 [FXGL Background Thread 3 ] DEBUG Engine               - menuKey: ESCAPE
16:12:39.940 [FXGL Background Thread 3 ] DEBUG Engine               - notificationViewClass: class com.almasb.fxgl.notification.view.XboxNotificationView
16:12:39.940 [FXGL Background Thread 3 ] DEBUG Engine               - pixelsPerMeter: 50.0
16:12:39.940 [FXGL Background Thread 3 ] DEBUG Engine               - platform: MAC
16:12:39.940 [FXGL Background Thread 3 ] DEBUG Engine               - prefHeightProperty: ReadOnlyDoubleProperty [value: 720.0]
16:12:39.940 [FXGL Background Thread 3 ] DEBUG Engine               - prefWidthProperty: ReadOnlyDoubleProperty [value: 1280.0]
16:12:39.940 [FXGL Background Thread 3 ] DEBUG Engine               - profileDir: profiles/
16:12:39.941 [FXGL Background Thread 3 ] DEBUG Engine               - profileName: StringProperty [value: DEFAULT]
16:12:39.941 [FXGL Background Thread 3 ] DEBUG Engine               - randomSeed: -1
16:12:39.941 [FXGL Background Thread 3 ] DEBUG Engine               - runtimeInfo: RuntimeInfo(platform=MAC, version=dev-SNAPSHOT, build=08.03.2021 18.05)
16:12:39.941 [FXGL Background Thread 3 ] DEBUG Engine               - saveFileExt: sav
16:12:39.941 [FXGL Background Thread 3 ] DEBUG Engine               - scaledHeightProp$fxgl: DoubleProperty [bound, value: 720.0]
16:12:39.941 [FXGL Background Thread 3 ] DEBUG Engine               - scaledWidthProp$fxgl: DoubleProperty [bound, value: 1280.0]
16:12:39.941 [FXGL Background Thread 3 ] DEBUG Engine               - sceneFactory: com.almasb.fxgl.app.scene.SceneFactory@6e9bd1a2
16:12:39.941 [FXGL Background Thread 3 ] DEBUG Engine               - secondsIn24h: 60
16:12:39.941 [FXGL Background Thread 3 ] DEBUG Engine               - soundMenuBack: menu/back.wav
16:12:39.942 [FXGL Background Thread 3 ] DEBUG Engine               - soundMenuPress: menu/press.wav
16:12:39.942 [FXGL Background Thread 3 ] DEBUG Engine               - soundMenuSelect: menu/select.wav
16:12:39.942 [FXGL Background Thread 3 ] DEBUG Engine               - soundNotification: core/notification.wav
16:12:39.942 [FXGL Background Thread 3 ] DEBUG Engine               - stageStyle: DECORATED
16:12:39.942 [FXGL Background Thread 3 ] DEBUG Engine               - supportedLanguages: [ENGLISH, FRENCH, GERMAN, HUNGARIAN, RUSSIAN]
16:12:39.942 [FXGL Background Thread 3 ] DEBUG Engine               - ticksPerSecond: -1
16:12:39.942 [FXGL Background Thread 3 ] DEBUG Engine               - title: Touchdown Mania
16:12:39.942 [FXGL Background Thread 3 ] DEBUG Engine               - urlGithub: https://github.com/AlmasB/FXGL
16:12:39.942 [FXGL Background Thread 3 ] DEBUG Engine               - urlLeaderboard: http://fxgl-top.herokuapp.com/
16:12:39.942 [FXGL Background Thread 3 ] DEBUG Engine               - urlPOM: https://raw.githubusercontent.com/AlmasB/FXGL/release/README.md
16:12:39.942 [FXGL Background Thread 3 ] DEBUG Engine               - userAppClass: class Game
16:12:39.942 [FXGL Background Thread 3 ] DEBUG Engine               - version: 0.1
16:12:39.942 [FXGL Background Thread 3 ] DEBUG Engine               - versionCheckDays: 7
16:12:39.942 [FXGL Background Thread 3 ] DEBUG Engine               - width: 1280
16:12:39.942 [FXGL Background Thread 3 ] DEBUG Engine               - Logging services
16:12:39.942 [FXGL Background Thread 3 ] DEBUG Engine               - class com.almasb.fxgl.app.services.FXGLAssetLoaderService
16:12:39.943 [FXGL Background Thread 3 ] DEBUG Engine               - class com.almasb.fxgl.app.FXGLApplication$GameApplicationService
16:12:39.943 [FXGL Background Thread 3 ] DEBUG Engine               - class com.almasb.fxgl.app.services.FXGLDialogService
16:12:39.947 [FXGL Background Thread 3 ] DEBUG Engine               - class com.almasb.fxgl.app.services.IOTaskExecutorService
16:12:39.948 [FXGL Background Thread 3 ] DEBUG Engine               - class com.almasb.fxgl.event.EventBusService
16:12:39.948 [FXGL Background Thread 3 ] DEBUG Engine               - class com.almasb.fxgl.io.FileSystemService
16:12:39.948 [FXGL Background Thread 3 ] DEBUG Engine               - class com.almasb.fxgl.localization.LocalizationService
16:12:39.948 [FXGL Background Thread 3 ] DEBUG Engine               - class com.almasb.fxgl.app.services.SystemBundleService
16:12:39.948 [FXGL Background Thread 3 ] DEBUG Engine               - class com.almasb.fxgl.profile.SaveLoadService
16:12:39.948 [FXGL Background Thread 3 ] DEBUG Engine               - class com.almasb.fxgl.ui.FXGLUIFactoryServiceProvider
16:12:39.948 [FXGL Background Thread 3 ] DEBUG Engine               - class com.almasb.fxgl.ui.FXGLDialogFactoryServiceProvider
16:12:39.948 [FXGL Background Thread 3 ] DEBUG Engine               - class com.almasb.fxgl.audio.AudioPlayer
16:12:39.948 [FXGL Background Thread 3 ] DEBUG Engine               - class com.almasb.fxgl.notification.impl.NotificationServiceProvider
16:12:39.948 [FXGL Background Thread 3 ] DEBUG Engine               - class com.almasb.fxgl.achievement.AchievementService
16:12:39.948 [FXGL Background Thread 3 ] DEBUG Engine               - class com.almasb.fxgl.cutscene.CutsceneService
16:12:39.948 [FXGL Background Thread 3 ] DEBUG Engine               - class com.almasb.fxgl.minigames.MiniGameService
16:12:39.948 [FXGL Background Thread 3 ] DEBUG Engine               - class com.almasb.fxgl.net.NetService
16:12:39.948 [FXGL Background Thread 3 ] DEBUG Engine               - class com.almasb.fxgl.app.services.UpdaterService
16:12:39.948 [FXGL Background Thread 3 ] DEBUG Engine               - class com.almasb.fxgl.dev.DevService
16:13:43.860 [JavaFX Application Thread] DEBUG FXGLApplication      - Exiting FXGL
16:13:43.868 [JavaFX Application Thread] DEBUG LoopRunner           - Stopping loop
16:13:43.869 [JavaFX Application Thread] DEBUG SystemBundleService  - Saving FXGL system data
16:13:43.876 [JavaFX Application Thread] DEBUG FileSystemAccess     - Writing to: /Users/gupta/Desktop/Java Projects/Madden Game/system/fxgl.bundle
16:13:43.888 [JavaFX Application Thread] DEBUG Async                - Shutting down background threads
16:13:43.888 [JavaFX Application Thread] DEBUG PrimaryStageWindow   - Closing main window
16:13:43.910 [JavaFX Application Thread] DEBUG Logger               - Closing Logger
